Array
(
    [TIME] => 2017-12-19 18:18:15
    [DATA] => Array
        (
            [api] => v5
            [methodApi] => ordersGet
            [errorMsg] => Not found
            [errors] => 
            [params] => Array
                (
                    [0] => 2020
                    [1] => externalId
                    [2] => 
                )

        )

)
Array
(
    [TIME] => 2017-12-19 18:19:19
    [DATA] => Array
        (
            [api] => v5
            [methodApi] => ordersGet
            [errorMsg] => Not found
            [errors] => 
            [params] => Array
                (
                    [0] => 2977
                    [1] => id
                    [2] => 
                )

        )

)
Array
(
    [TIME] => 2017-12-19 18:19:20
    [DATA] => Array
        (
            [api] => v5
            [methodApi] => ordersGet
            [errorMsg] => Not found
            [errors] => 
            [params] => Array
                (
                    [0] => 2978
                    [1] => id
                    [2] => 
                )

        )

)
Array
(
    [TIME] => 2017-12-19 18:19:20
    [DATA] => Array
        (
            [api] => v5
            [methodApi] => ordersGet
            [errorMsg] => Not found
            [errors] => 
            [params] => Array
                (
                    [0] => 2979
                    [1] => id
                    [2] => 
                )

        )

)
Array
(
    [TIME] => 2017-12-19 18:19:20
    [DATA] => Array
        (
            [api] => v5
            [methodApi] => ordersGet
            [errorMsg] => Not found
            [errors] => 
            [params] => Array
                (
                    [0] => 2980
                    [1] => id
                    [2] => 
                )

        )

)
Array
(
    [TIME] => 2017-12-19 18:29:03
    [DATA] => Array
        (
            [api] => v5
            [methodApi] => ordersGet
            [errorMsg] => Not found
            [errors] => 
            [params] => Array
                (
                    [0] => 2977
                    [1] => id
                    [2] => 
                )

        )

)
Array
(
    [TIME] => 2017-12-19 18:29:04
    [DATA] => Array
        (
            [api] => v5
            [methodApi] => ordersGet
            [errorMsg] => Not found
            [errors] => 
            [params] => Array
                (
                    [0] => 2978
                    [1] => id
                    [2] => 
                )

        )

)
Array
(
    [TIME] => 2017-12-19 18:29:04
    [DATA] => Array
        (
            [api] => v5
            [methodApi] => ordersGet
            [errorMsg] => Not found
            [errors] => 
            [params] => Array
                (
                    [0] => 2979
                    [1] => id
                    [2] => 
                )

        )

)
Array
(
    [TIME] => 2017-12-19 18:29:04
    [DATA] => Array
        (
            [api] => v5
            [methodApi] => ordersGet
            [errorMsg] => Not found
            [errors] => 
            [params] => Array
                (
                    [0] => 2980
                    [1] => id
                    [2] => 
                )

        )

)
Array
(
    [TIME] => 2017-12-19 18:39:06
    [DATA] => Array
        (
            [api] => v5
            [methodApi] => ordersGet
            [errorMsg] => Not found
            [errors] => 
            [params] => Array
                (
                    [0] => 2977
                    [1] => id
                    [2] => 
                )

        )

)
Array
(
    [TIME] => 2017-12-19 18:39:06
    [DATA] => Array
        (
            [api] => v5
            [methodApi] => ordersGet
            [errorMsg] => Not found
            [errors] => 
            [params] => Array
                (
                    [0] => 2978
                    [1] => id
                    [2] => 
                )

        )

)
Array
(
    [TIME] => 2017-12-19 18:39:06
    [DATA] => Array
        (
            [api] => v5
            [methodApi] => ordersGet
            [errorMsg] => Not found
            [errors] => 
            [params] => Array
                (
                    [0] => 2979
                    [1] => id
                    [2] => 
                )

        )

)
Array
(
    [TIME] => 2017-12-19 18:39:06
    [DATA] => Array
        (
            [api] => v5
            [methodApi] => ordersGet
            [errorMsg] => Not found
            [errors] => 
            [params] => Array
                (
                    [0] => 2980
                    [1] => id
                    [2] => 
                )

        )

)
Array
(
    [TIME] => 2017-12-19 19:32:31
    [DATA] => Array
        (
            [api] => v5
            [methodApi] => ordersGet
            [errorMsg] => Not found
            [errors] => 
            [params] => Array
                (
                    [0] => 2020
                    [1] => externalId
                    [2] => 
                )

        )

)
Array
(
    [TIME] => 2017-12-19 19:32:32
    [DATA] => Array
        (
            [api] => v5
            [methodApi] => ordersGet
            [errorMsg] => Not found
            [errors] => 
            [params] => Array
                (
                    [0] => 2019
                    [1] => externalId
                    [2] => 
                )

        )

)
Array
(
    [TIME] => 2017-12-21 18:13:03
    [DATA] => Array
        (
            [api] => v5
            [methodApi] => customersGet
            [errorMsg] => Not found
            [errors] => 
            [params] => Array
                (
                    [0] => 1996
                    [1] => externalId
                    [2] => 
                )

        )

)
Array
(
    [TIME] => 2018-01-10 08:41:12
    [DATA] => Array
        (
            [api] => v5
            [methodApi] => customersGet
            [errorMsg] => Not found
            [errors] => 
            [params] => Array
                (
                    [0] => 2012
                    [1] => externalId
                    [2] => 
                )

        )

)
Array
(
    [TIME] => 2018-01-11 14:59:19
    [DATA] => Array
        (
            [api] => v5
            [methodApi] => customersGet
            [errorMsg] => Not found
            [errors] => 
            [params] => Array
                (
                    [0] => 2015
                    [1] => externalId
                    [2] => 
                )

        )

)
Array
(
    [TIME] => 2018-01-15 20:51:03
    [DATA] => Array
        (
            [api] => v5
            [methodApi] => customersGet
            [errorMsg] => Not found
            [errors] => 
            [params] => Array
                (
                    [0] => 2022
                    [1] => externalId
                    [2] => 
                )

        )

)
Array
(
    [TIME] => 2018-01-22 14:04:38
    [DATA] => Array
        (
            [api] => v5
            [methodApi] => customersGet
            [errorMsg] => Not found
            [errors] => 
            [params] => Array
                (
                    [0] => 2035
                    [1] => externalId
                    [2] => 
                )

        )

)
Array
(
    [TIME] => 2018-01-25 23:25:32
    [DATA] => Array
        (
            [api] => v5
            [methodApi] => customersGet
            [errorMsg] => Not found
            [errors] => 
            [params] => Array
                (
                    [0] => 2039
                    [1] => externalId
                    [2] => 
                )

        )

)
Array
(
    [TIME] => 2018-02-02 22:40:41
    [DATA] => Array
        (
            [api] => v5
            [methodApi] => customersGet
            [errorMsg] => Not found
            [errors] => 
            [params] => Array
                (
                    [0] => 2053
                    [1] => externalId
                    [2] => 
                )

        )

)
Array
(
    [TIME] => 2018-02-10 01:41:52
    [DATA] => Array
        (
            [api] => v5
            [methodApi] => customersGet
            [errorMsg] => Not found
            [errors] => 
            [params] => Array
                (
                    [0] => 2065
                    [1] => externalId
                    [2] => 
                )

        )

)
Array
(
    [TIME] => 2018-02-12 14:06:38
    [DATA] => Array
        (
            [api] => v5
            [methodApi] => customersGet
            [errorMsg] => Not found
            [errors] => 
            [params] => Array
                (
                    [0] => 2071
                    [1] => externalId
                    [2] => 
                )

        )

)
Array
(
    [TIME] => 2018-02-12 15:23:05
    [DATA] => Array
        (
            [api] => v5
            [methodApi] => customersGet
            [errorMsg] => Not found
            [errors] => 
            [params] => Array
                (
                    [0] => 2072
                    [1] => externalId
                    [2] => 
                )

        )

)
Array
(
    [TIME] => 2018-02-13 10:52:52
    [DATA] => Array
        (
            [api] => v5
            [methodApi] => customersGet
            [errorMsg] => Not found
            [errors] => 
            [params] => Array
                (
                    [0] => 2074
                    [1] => externalId
                    [2] => 
                )

        )

)
Array
(
    [TIME] => 2018-03-06 23:00:47
    [DATA] => Array
        (
            [api] => v5
            [methodApi] => customersGet
            [errorMsg] => Not found
            [errors] => 
            [params] => Array
                (
                    [0] => 2115
                    [1] => externalId
                    [2] => 
                )

        )

)
Array
(
    [TIME] => 2018-03-07 13:15:31
    [DATA] => Array
        (
            [api] => v5
            [methodApi] => customersGet
            [errorMsg] => Not found
            [errors] => 
            [params] => Array
                (
                    [0] => 2117
                    [1] => externalId
                    [2] => 
                )

        )

)
Array
(
    [TIME] => 2018-03-12 14:57:58
    [DATA] => Array
        (
            [api] => v5
            [methodApi] => customersGet
            [errorMsg] => Not found
            [errors] => 
            [params] => Array
                (
                    [0] => 2123
                    [1] => externalId
                    [2] => 
                )

        )

)
Array
(
    [TIME] => 2018-03-16 14:38:44
    [DATA] => Array
        (
            [api] => v5
            [methodApi] => customersGet
            [errorMsg] => Not found
            [errors] => 
            [params] => Array
                (
                    [0] => 2128
                    [1] => externalId
                    [2] => 
                )

        )

)
Array
(
    [TIME] => 2018-03-19 14:47:02
    [DATA] => Array
        (
            [api] => v5
            [methodApi] => customersGet
            [errorMsg] => Not found
            [errors] => 
            [params] => Array
                (
                    [0] => 2133
                    [1] => externalId
                    [2] => 
                )

        )

)
Array
(
    [TIME] => 2018-03-26 08:52:25
    [DATA] => Array
        (
            [api] => v5
            [methodApi] => ordersGet
            [errorMsg] => Not found
            [errors] => 
            [params] => Array
                (
                    [0] => 2182
                    [1] => externalId
                    [2] => 
                )

        )

)
Array
(
    [TIME] => 2018-03-26 09:19:46
    [DATA] => Array
        (
            [api] => v5
            [methodApi] => ordersGet
            [errorMsg] => Not found
            [errors] => 
            [params] => Array
                (
                    [0] => 2183
                    [1] => externalId
                    [2] => 
                )

        )

)
Array
(
    [TIME] => 2018-03-26 09:19:46
    [DATA] => Array
        (
            [api] => v5
            [methodApi] => customersGet
            [errorMsg] => Not found
            [errors] => 
            [params] => Array
                (
                    [0] => 2143
                    [1] => externalId
                    [2] => 
                )

        )

)
Array
(
    [TIME] => 2018-03-26 10:02:41
    [DATA] => Array
        (
            [api] => v5
            [methodApi] => ordersGet
            [errorMsg] => Not found
            [errors] => 
            [params] => Array
                (
                    [0] => 2184
                    [1] => externalId
                    [2] => 
                )

        )

)
Array
(
    [TIME] => 2018-03-26 10:02:42
    [DATA] => Array
        (
            [api] => v5
            [methodApi] => customersGet
            [errorMsg] => Not found
            [errors] => 
            [params] => Array
                (
                    [0] => 2144
                    [1] => externalId
                    [2] => 
                )

        )

)
Array
(
    [TIME] => 2018-03-26 22:40:04
    [DATA] => Array
        (
            [api] => v5
            [methodApi] => ordersGet
            [errorMsg] => Not found
            [errors] => 
            [params] => Array
                (
                    [0] => 2186
                    [1] => externalId
                    [2] => 
                )

        )

)
Array
(
    [TIME] => 2018-03-26 22:53:40
    [DATA] => Array
        (
            [api] => v5
            [methodApi] => ordersGet
            [errorMsg] => Not found
            [errors] => 
            [params] => Array
                (
                    [0] => 2187
                    [1] => externalId
                    [2] => 
                )

        )

)
Array
(
    [TIME] => 2018-03-26 22:56:53
    [DATA] => Array
        (
            [api] => v5
            [methodApi] => ordersGet
            [errorMsg] => Not found
            [errors] => 
            [params] => Array
                (
                    [0] => 2188
                    [1] => externalId
                    [2] => 
                )

        )

)
Array
(
    [TIME] => 2018-03-26 22:56:53
    [DATA] => Array
        (
            [api] => v5
            [methodApi] => customersGet
            [errorMsg] => Not found
            [errors] => 
            [params] => Array
                (
                    [0] => 2145
                    [1] => externalId
                    [2] => 
                )

        )

)
Array
(
    [TIME] => 2018-03-26 22:58:44
    [DATA] => Array
        (
            [api] => v5
            [methodApi] => ordersGet
            [errorMsg] => Not found
            [errors] => 
            [params] => Array
                (
                    [0] => 2189
                    [1] => externalId
                    [2] => 
                )

        )

)
Array
(
    [TIME] => 2018-03-26 23:30:42
    [DATA] => Array
        (
            [api] => v5
            [methodApi] => ordersGet
            [errorMsg] => Not found
            [errors] => 
            [params] => Array
                (
                    [0] => 2190
                    [1] => externalId
                    [2] => 
                )

        )

)
Array
(
    [TIME] => 2018-03-26 23:35:58
    [DATA] => Array
        (
            [api] => v5
            [methodApi] => ordersGet
            [errorMsg] => Not found
            [errors] => 
            [params] => Array
                (
                    [0] => 2191
                    [1] => externalId
                    [2] => 
                )

        )

)
Array
(
    [TIME] => 2018-03-26 23:38:00
    [DATA] => Array
        (
            [api] => v5
            [methodApi] => ordersGet
            [errorMsg] => Not found
            [errors] => 
            [params] => Array
                (
                    [0] => 2192
                    [1] => externalId
                    [2] => 
                )

        )

)
Array
(
    [TIME] => 2018-03-26 23:53:31
    [DATA] => Array
        (
            [api] => v5
            [methodApi] => ordersGet
            [errorMsg] => Not found
            [errors] => 
            [params] => Array
                (
                    [0] => 2193
                    [1] => externalId
                    [2] => 
                )

        )

)
Array
(
    [TIME] => 2018-03-26 23:55:20
    [DATA] => Array
        (
            [api] => v5
            [methodApi] => ordersGet
            [errorMsg] => Not found
            [errors] => 
            [params] => Array
                (
                    [0] => 2194
                    [1] => externalId
                    [2] => 
                )

        )

)
Array
(
    [TIME] => 2018-03-27 07:40:48
    [DATA] => Array
        (
            [api] => v5
            [methodApi] => ordersGet
            [errorMsg] => Not found
            [errors] => 
            [params] => Array
                (
                    [0] => 2195
                    [1] => externalId
                    [2] => 
                )

        )

)
Array
(
    [TIME] => 2018-03-27 08:21:49
    [DATA] => Array
        (
            [api] => v5
            [methodApi] => ordersGet
            [errorMsg] => Not found
            [errors] => 
            [params] => Array
                (
                    [0] => 2196
                    [1] => externalId
                    [2] => 
                )

        )

)
Array
(
    [TIME] => 2018-03-27 08:21:49
    [DATA] => Array
        (
            [api] => v5
            [methodApi] => customersGet
            [errorMsg] => Not found
            [errors] => 
            [params] => Array
                (
                    [0] => 2146
                    [1] => externalId
                    [2] => 
                )

        )

)
Array
(
    [TIME] => 2018-03-27 11:16:05
    [DATA] => Array
        (
            [api] => v5
            [methodApi] => ordersGet
            [errorMsg] => Not found
            [errors] => 
            [params] => Array
                (
                    [0] => 2180
                    [1] => externalId
                    [2] => 
                )

        )

)
Array
(
    [TIME] => 2018-03-27 11:16:05
    [DATA] => Array
        (
            [api] => v5
            [methodApi] => customersGet
            [errorMsg] => Not found
            [errors] => 
            [params] => Array
                (
                    [0] => 2141
                    [1] => externalId
                    [2] => 
                )

        )

)
Array
(
    [TIME] => 2018-03-28 09:56:33
    [DATA] => Array
        (
            [api] => v5
            [methodApi] => customersGet
            [errorMsg] => Not found
            [errors] => 
            [params] => Array
                (
                    [0] => 2147
                    [1] => externalId
                    [2] => 
                )

        )

)
Array
(
    [TIME] => 2018-03-29 10:45:00
    [DATA] => Array
        (
            [api] => v5
            [methodApi] => ordersGet
            [errorMsg] => Not found
            [errors] => 
            [params] => Array
                (
                    [0] => 2197
                    [1] => externalId
                    [2] => 
                )

        )

)
Array
(
    [TIME] => 2018-03-29 10:45:00
    [DATA] => Array
        (
            [api] => v5
            [methodApi] => customersGet
            [errorMsg] => Not found
            [errors] => 
            [params] => Array
                (
                    [0] => 2148
                    [1] => externalId
                    [2] => 
                )

        )

)
Array
(
    [TIME] => 2018-03-29 10:45:04
    [DATA] => Array
        (
            [api] => v5
            [methodApi] => ordersGet
            [errorMsg] => Not found
            [errors] => 
            [params] => Array
                (
                    [0] => 2198
                    [1] => externalId
                    [2] => 
                )

        )

)
Array
(
    [TIME] => 2018-03-29 10:45:05
    [DATA] => Array
        (
            [api] => v5
            [methodApi] => customersGet
            [errorMsg] => Not found
            [errors] => 
            [params] => Array
                (
                    [0] => 2149
                    [1] => externalId
                    [2] => 
                )

        )

)
Array
(
    [TIME] => 2018-03-29 11:18:04
    [DATA] => Array
        (
            [api] => v5
            [methodApi] => ordersGet
            [errorMsg] => Not found
            [errors] => 
            [params] => Array
                (
                    [0] => 2181
                    [1] => externalId
                    [2] => 
                )

        )

)
Array
(
    [TIME] => 2018-03-29 11:18:04
    [DATA] => Array
        (
            [api] => v5
            [methodApi] => customersGet
            [errorMsg] => Not found
            [errors] => 
            [params] => Array
                (
                    [0] => 2142
                    [1] => externalId
                    [2] => 
                )

        )

)
Array
(
    [TIME] => 2018-03-30 11:19:04
    [DATA] => Array
        (
            [api] => v5
            [methodApi] => ordersGet
            [errorMsg] => Not found
            [errors] => 
            [params] => Array
                (
                    [0] => 2185
                    [1] => externalId
                    [2] => 
                )

        )

)
Array
(
    [TIME] => 2018-03-30 11:19:05
    [DATA] => Array
        (
            [api] => v5
            [methodApi] => ordersGet
            [errorMsg] => Not found
            [errors] => 
            [params] => Array
                (
                    [0] => 2186
                    [1] => externalId
                    [2] => 
                )

        )

)
Array
(
    [TIME] => 2018-03-30 11:19:05
    [DATA] => Array
        (
            [api] => v5
            [methodApi] => ordersGet
            [errorMsg] => Not found
            [errors] => 
            [params] => Array
                (
                    [0] => 2187
                    [1] => externalId
                    [2] => 
                )

        )

)
Array
(
    [TIME] => 2018-03-30 11:19:07
    [DATA] => Array
        (
            [api] => v5
            [methodApi] => ordersGet
            [errorMsg] => Not found
            [errors] => 
            [params] => Array
                (
                    [0] => 2189
                    [1] => externalId
                    [2] => 
                )

        )

)
Array
(
    [TIME] => 2018-03-30 11:19:08
    [DATA] => Array
        (
            [api] => v5
            [methodApi] => ordersGet
            [errorMsg] => Not found
            [errors] => 
            [params] => Array
                (
                    [0] => 2190
                    [1] => externalId
                    [2] => 
                )

        )

)
Array
(
    [TIME] => 2018-03-30 11:19:09
    [DATA] => Array
        (
            [api] => v5
            [methodApi] => ordersGet
            [errorMsg] => Not found
            [errors] => 
            [params] => Array
                (
                    [0] => 2191
                    [1] => externalId
                    [2] => 
                )

        )

)
Array
(
    [TIME] => 2018-03-30 11:19:10
    [DATA] => Array
        (
            [api] => v5
            [methodApi] => ordersGet
            [errorMsg] => Not found
            [errors] => 
            [params] => Array
                (
                    [0] => 2192
                    [1] => externalId
                    [2] => 
                )

        )

)
Array
(
    [TIME] => 2018-03-30 11:19:11
    [DATA] => Array
        (
            [api] => v5
            [methodApi] => ordersGet
            [errorMsg] => Not found
            [errors] => 
            [params] => Array
                (
                    [0] => 2193
                    [1] => externalId
                    [2] => 
                )

        )

)
Array
(
    [TIME] => 2018-03-30 11:19:11
    [DATA] => Array
        (
            [api] => v5
            [methodApi] => ordersGet
            [errorMsg] => Not found
            [errors] => 
            [params] => Array
                (
                    [0] => 2194
                    [1] => externalId
                    [2] => 
                )

        )

)
Array
(
    [TIME] => 2018-03-30 11:19:13
    [DATA] => Array
        (
            [api] => v5
            [methodApi] => ordersGet
            [errorMsg] => Not found
            [errors] => 
            [params] => Array
                (
                    [0] => 2196
                    [1] => externalId
                    [2] => 
                )

        )

)
Array
(
    [TIME] => 2018-03-30 23:07:09
    [DATA] => Array
        (
            [api] => v5
            [methodApi] => ordersGet
            [errorMsg] => Not found
            [errors] => 
            [params] => Array
                (
                    [0] => 2199
                    [1] => externalId
                    [2] => 
                )

        )

)
Array
(
    [TIME] => 2018-03-30 23:07:09
    [DATA] => Array
        (
            [api] => v5
            [methodApi] => customersGet
            [errorMsg] => Not found
            [errors] => 
            [params] => Array
                (
                    [0] => 2150
                    [1] => externalId
                    [2] => 
                )

        )

)
Array
(
    [TIME] => 2018-03-31 12:21:09
    [DATA] => Array
        (
            [api] => v5
            [methodApi] => ordersGet
            [errorMsg] => Not found
            [errors] => 
            [params] => Array
                (
                    [0] => 2200
                    [1] => externalId
                    [2] => 
                )

        )

)
Array
(
    [TIME] => 2018-03-31 12:21:09
    [DATA] => Array
        (
            [api] => v5
            [methodApi] => customersGet
            [errorMsg] => Not found
            [errors] => 
            [params] => Array
                (
                    [0] => 2151
                    [1] => externalId
                    [2] => 
                )

        )

)
Array
(
    [TIME] => 2018-04-01 20:39:31
    [DATA] => Array
        (
            [api] => v5
            [methodApi] => customersGet
            [errorMsg] => Not found
            [errors] => 
            [params] => Array
                (
                    [0] => 2153
                    [1] => externalId
                    [2] => 
                )

        )

)
Array
(
    [TIME] => 2018-04-01 21:36:02
    [DATA] => Array
        (
            [api] => v5
            [methodApi] => ordersGet
            [errorMsg] => Not found
            [errors] => 
            [params] => Array
                (
                    [0] => 2201
                    [1] => externalId
                    [2] => 
                )

        )

)
Array
(
    [TIME] => 2018-04-01 21:36:02
    [DATA] => Array
        (
            [api] => v5
            [methodApi] => customersGet
            [errorMsg] => Not found
            [errors] => 
            [params] => Array
                (
                    [0] => 2153
                    [1] => externalId
                    [2] => 
                )

        )

)
Array
(
    [TIME] => 2018-04-01 22:09:05
    [DATA] => Array
        (
            [api] => v5
            [methodApi] => ordersGet
            [errorMsg] => Not found
            [errors] => 
            [params] => Array
                (
                    [0] => 2202
                    [1] => externalId
                    [2] => 
                )

        )

)
Array
(
    [TIME] => 2018-04-02 08:54:26
    [DATA] => Array
        (
            [api] => v5
            [methodApi] => customersGet
            [errorMsg] => Not found
            [errors] => 
            [params] => Array
                (
                    [0] => 2154
                    [1] => externalId
                    [2] => 
                )

        )

)
Array
(
    [TIME] => 2018-04-02 09:13:49
    [DATA] => Array
        (
            [api] => v5
            [methodApi] => ordersGet
            [errorMsg] => Not found
            [errors] => 
            [params] => Array
                (
                    [0] => 2203
                    [1] => externalId
                    [2] => 
                )

        )

)
Array
(
    [TIME] => 2018-04-02 09:13:49
    [DATA] => Array
        (
            [api] => v5
            [methodApi] => customersGet
            [errorMsg] => Not found
            [errors] => 
            [params] => Array
                (
                    [0] => 2154
                    [1] => externalId
                    [2] => 
                )

        )

)
Array
(
    [TIME] => 2018-04-03 18:52:25
    [DATA] => Array
        (
            [api] => v5
            [methodApi] => ordersGet
            [errorMsg] => Not found
            [errors] => 
            [params] => Array
                (
                    [0] => 2204
                    [1] => externalId
                    [2] => 
                )

        )

)
Array
(
    [TIME] => 2018-04-03 18:52:25
    [DATA] => Array
        (
            [api] => v5
            [methodApi] => customersGet
            [errorMsg] => Not found
            [errors] => 
            [params] => Array
                (
                    [0] => 2155
                    [1] => externalId
                    [2] => 
                )

        )

)
Array
(
    [TIME] => 2018-04-07 20:33:04
    [DATA] => Array
        (
            [api] => v5
            [methodApi] => ordersGet
            [errorMsg] => Not found
            [errors] => 
            [params] => Array
                (
                    [0] => 2205
                    [1] => externalId
                    [2] => 
                )

        )

)
Array
(
    [TIME] => 2018-04-07 20:33:04
    [DATA] => Array
        (
            [api] => v5
            [methodApi] => customersGet
            [errorMsg] => Not found
            [errors] => 
            [params] => Array
                (
                    [0] => 2157
                    [1] => externalId
                    [2] => 
                )

        )

)
Array
(
    [TIME] => 2018-04-08 17:58:06
    [DATA] => Array
        (
            [api] => v5
            [methodApi] => ordersGet
            [errorMsg] => Not found
            [errors] => 
            [params] => Array
                (
                    [0] => 2206
                    [1] => externalId
                    [2] => 
                )

        )

)
Array
(
    [TIME] => 2018-04-08 17:58:06
    [DATA] => Array
        (
            [api] => v5
            [methodApi] => customersGet
            [errorMsg] => Not found
            [errors] => 
            [params] => Array
                (
                    [0] => 2158
                    [1] => externalId
                    [2] => 
                )

        )

)
