Array
(
    [TIME] => 2017-12-19 18:19:19
    [DATA] => Array
        (
            [slug] => 2977
            [id] => 2977
            [number] => 1806
            [externalId] => 1806
            [orderType] => eshop-individual
            [orderMethod] => shopping-cart
            [countryIso] => RU
            [createdAt] => 2017-10-02 15:10:20
            [statusUpdatedAt] => 2017-10-08 17:57:03
            [summ] => 12550
            [totalSumm] => 12550
            [prepaySum] => 0
            [purchaseSumm] => 0
            [markDatetime] => 2017-10-08 17:57:03
            [firstName] => Дмитрий
            [phone] => +7(903)962-38-05
            [email] => link11@rambler.ru
            [customer] => Array
                (
                    [id] => 1446
                    [externalId] => 1780
                    [firstName] => Дмитрий
                    [email] => 324@mail.ru
                    [phones] => Array
                        (
                            [0] => Array
                                (
                                    [number] => 3243244334
                                )

                        )

                    [address] => Array
                        (
                            [city] => 3242
                            [text] => 234324
                        )

                    [createdAt] => 2017-10-02 15:10:19
                    [site] => www-bigms-ru
                    [contragent] => Array
                        (
                            [contragentType] => individual
                        )

                    [personalDiscount] => 0
                    [cumulativeDiscount] => 0
                    [marginSumm] => 12550
                    [totalSumm] => 12550
                    [averageSumm] => 12550
                    [ordersCount] => 1
                    [costSumm] => 0
                )

            [delivery] => Array
                (
                    [cost] => 0
                    [netCost] => 0
                    [address] => Array
                        (
                        )

                )

            [site] => www-bigms-ru
            [status] => complete
            [items] => Array
                (
                    [4304] => Array
                        (
                            [id] => 4304
                            [initialPrice] => 6242
                            [discountTotal] => 0
                            [createdAt] => 2017-10-02 15:10:20
                            [quantity] => 1
                            [status] => new
                            [offer] => Array
                                (
                                    [id] => 22138
                                    [externalId] => 10407
                                    [xmlId] => f3aa1270-9ffb-44b6-bf2b-840382338fe0
                                    [name] => Смеситель для раковины Hansgrohe Focus E2 31607000
                                )

                            [purchasePrice] => 0
                            [create] => 1
                        )

                    [4305] => Array
                        (
                            [id] => 4305
                            [initialPrice] => 6308
                            [discountTotal] => 0
                            [createdAt] => 2017-10-02 15:10:20
                            [quantity] => 1
                            [status] => new
                            [offer] => Array
                                (
                                    [id] => 22139
                                    [externalId] => 10442
                                    [xmlId] => 3eec4f62-9b09-48a0-8761-d3e8df1999a9
                                    [name] => Смеситель для кухни HANSGROHE Focus E2 31806000
                                )

                            [purchasePrice] => 0
                            [create] => 1
                        )

                )

            [payments] => Array
                (
                    [1499] => Array
                        (
                            [id] => 1499
                            [status] => not-paid
                            [type] => cash
                            [amount] => 12550
                        )

                )

            [fromApi] => 1
            [shipmentStore] => БВ25/1
            [contragentType] => individual
            [create] => 1
        )

)
Array
(
    [TIME] => 2017-12-19 18:19:20
    [DATA] => Array
        (
            [slug] => 2978
            [id] => 2978
            [number] => 1807
            [externalId] => 1807
            [orderType] => eshop-individual
            [orderMethod] => shopping-cart
            [countryIso] => RU
            [createdAt] => 2017-10-02 18:06:14
            [statusUpdatedAt] => 2017-10-08 17:57:03
            [summ] => 3559
            [totalSumm] => 3559
            [prepaySum] => 0
            [purchaseSumm] => 0
            [markDatetime] => 2017-10-08 17:57:03
            [firstName] => Андрей
            [phone] => +7(982)623-35-15
            [managerComment] => Приедет забирать сам .Товар Заказал попросил Шинкевича заказать ,как товар будет у нас позвонить клиент приедет забирать.
            [customer] => Array
                (
                    [id] => 1447
                    [externalId] => 1781
                    [firstName] => Андрей
                    [email] => 1506956774@noemail.gav
                    [phones] => Array
                        (
                            [0] => Array
                                (
                                    [number] => +7(982)623-35-15
                                )

                        )

                    [address] => Array
                        (
                        )

                    [createdAt] => 2017-10-02 18:06:14
                    [site] => www-bigms-ru
                    [source] => Array
                        (
                            [source] => sip
                        )

                    [contragent] => Array
                        (
                            [contragentType] => individual
                        )

                    [personalDiscount] => 0
                    [cumulativeDiscount] => 0
                    [marginSumm] => 0
                    [totalSumm] => 0
                    [averageSumm] => 0
                    [ordersCount] => 0
                    [costSumm] => 0
                )

            [delivery] => Array
                (
                    [cost] => 0
                    [netCost] => 0
                    [address] => Array
                        (
                        )

                )

            [site] => www-bigms-ru
            [status] => new
            [items] => Array
                (
                    [4306] => Array
                        (
                            [id] => 4306
                            [initialPrice] => 3559
                            [discountTotal] => 0
                            [createdAt] => 2017-10-02 18:06:14
                            [quantity] => 1
                            [status] => new
                            [offer] => Array
                                (
                                    [id] => 22140
                                    [externalId] => 14395
                                    [xmlId] => adf1b3dd-7df7-4e4c-960a-85e69be17345
                                    [name] => Клапан антиконденсационный с внутренней резьбой 1', АТ133, T(открытия)=60 °С, ICMA
                                )

                            [purchasePrice] => 0
                            [create] => 1
                        )

                )

            [payments] => Array
                (
                    [1500] => Array
                        (
                            [id] => 1500
                            [status] => not-paid
                            [type] => cash
                            [amount] => 3559
                        )

                )

            [fromApi] => 1
            [shipmentStore] => БВ25/1
            [contragentType] => individual
            [create] => 1
        )

)
Array
(
    [TIME] => 2017-12-19 18:19:20
    [DATA] => Array
        (
            [slug] => 2979
            [id] => 2979
            [number] => 1808
            [externalId] => 1808
            [orderType] => eshop-individual
            [orderMethod] => shopping-cart
            [countryIso] => RU
            [createdAt] => 2017-10-02 20:22:05
            [statusUpdatedAt] => 2017-10-08 17:57:03
            [summ] => 1485
            [totalSumm] => 1485
            [prepaySum] => 0
            [purchaseSumm] => 0
            [markDatetime] => 2017-10-08 17:57:03
            [firstName] => Александр
            [phone] => +7(953)419-43-04
            [customer] => Array
                (
                    [id] => 1448
                    [externalId] => 1782
                    [firstName] => Александр
                    [email] => 1506964924@noemail.gav
                    [phones] => Array
                        (
                            [0] => Array
                                (
                                    [number] => +7(953)419-43-04
                                )

                        )

                    [address] => Array
                        (
                        )

                    [createdAt] => 2017-10-02 20:22:04
                    [site] => www-bigms-ru
                    [contragent] => Array
                        (
                            [contragentType] => individual
                        )

                    [personalDiscount] => 0
                    [cumulativeDiscount] => 0
                    [marginSumm] => 0
                    [totalSumm] => 0
                    [averageSumm] => 0
                    [ordersCount] => 0
                    [costSumm] => 0
                )

            [delivery] => Array
                (
                    [cost] => 0
                    [netCost] => 0
                    [address] => Array
                        (
                        )

                )

            [site] => www-bigms-ru
            [status] => cancel-other
            [items] => Array
                (
                    [4307] => Array
                        (
                            [id] => 4307
                            [initialPrice] => 297
                            [discountTotal] => 0
                            [createdAt] => 2017-10-02 20:22:05
                            [quantity] => 5
                            [status] => new
                            [offer] => Array
                                (
                                    [id] => 22141
                                    [externalId] => 11063
                                    [xmlId] => b4b7fba0-e267-48e0-9dbd-e3bf03874e5a
                                    [name] => Распредилитель потока для радиаторов, 1'х1/2' правый
                                )

                            [purchasePrice] => 0
                            [create] => 1
                        )

                )

            [payments] => Array
                (
                    [1501] => Array
                        (
                            [id] => 1501
                            [status] => not-paid
                            [type] => cash
                            [amount] => 1485
                        )

                )

            [fromApi] => 1
            [shipmentStore] => БВ25/1
            [contragentType] => individual
            [create] => 1
        )

)
Array
(
    [TIME] => 2017-12-19 18:19:20
    [DATA] => Array
        (
            [slug] => 2980
            [id] => 2980
            [number] => 1809
            [externalId] => 1809
            [orderType] => eshop-individual
            [orderMethod] => shopping-cart
            [countryIso] => RU
            [createdAt] => 2017-10-02 20:53:51
            [statusUpdatedAt] => 2017-10-08 17:57:03
            [summ] => 5750
            [totalSumm] => 5750
            [prepaySum] => 0
            [purchaseSumm] => 0
            [markDatetime] => 2017-10-08 17:57:03
            [firstName] => user_section_1506966831
            [phone] => +7(916)841-88-62
            [managerComment] => Самовывоз с тракта ,товар туда передали
            [customer] => Array
                (
                    [id] => 1449
                    [externalId] => 1783
                    [email] => 1506966831@noemail.gav
                    [phones] => Array
                        (
                            [0] => Array
                                (
                                    [number] => +7(916)841-88-62
                                )

                        )

                    [address] => Array
                        (
                        )

                    [createdAt] => 2017-10-02 20:53:51
                    [site] => www-bigms-ru
                    [contragent] => Array
                        (
                            [contragentType] => individual
                        )

                    [personalDiscount] => 0
                    [cumulativeDiscount] => 0
                    [marginSumm] => 5750
                    [totalSumm] => 5750
                    [averageSumm] => 5750
                    [ordersCount] => 1
                    [costSumm] => 0
                )

            [delivery] => Array
                (
                    [cost] => 0
                    [netCost] => 0
                    [address] => Array
                        (
                        )

                )

            [site] => www-bigms-ru
            [status] => complete
            [items] => Array
                (
                    [4308] => Array
                        (
                            [id] => 4308
                            [initialPrice] => 5750
                            [discountTotal] => 0
                            [createdAt] => 2017-10-02 20:53:51
                            [quantity] => 1
                            [status] => new
                            [offer] => Array
                                (
                                    [id] => 22142
                                    [externalId] => 9751
                                    [xmlId] => fa4f32a1-0616-4e62-8821-73bc7b086fcb
                                    [name] => Термостат комнатный с недельным программированием, беспроводной, RT500RF, Salus
                                )

                            [purchasePrice] => 0
                            [create] => 1
                        )

                )

            [payments] => Array
                (
                    [1502] => Array
                        (
                            [id] => 1502
                            [status] => not-paid
                            [type] => cash
                            [amount] => 5750
                        )

                )

            [fromApi] => 1
            [shipmentStore] => БВ25/1
            [contragentType] => individual
            [create] => 1
        )

)
Array
(
    [TIME] => 2017-12-19 18:29:03
    [DATA] => Array
        (
            [slug] => 2977
            [id] => 2977
            [number] => 1806
            [externalId] => 1806
            [orderType] => eshop-individual
            [orderMethod] => shopping-cart
            [countryIso] => RU
            [createdAt] => 2017-10-02 15:10:20
            [statusUpdatedAt] => 2017-10-08 17:57:03
            [summ] => 12550
            [totalSumm] => 12550
            [prepaySum] => 0
            [purchaseSumm] => 0
            [markDatetime] => 2017-10-08 17:57:03
            [firstName] => Дмитрий
            [phone] => +7(903)962-38-05
            [email] => link11@rambler.ru
            [customer] => Array
                (
                    [id] => 1446
                    [externalId] => 1780
                    [firstName] => Дмитрий
                    [email] => 324@mail.ru
                    [phones] => Array
                        (
                            [0] => Array
                                (
                                    [number] => 3243244334
                                )

                        )

                    [address] => Array
                        (
                            [city] => 3242
                            [text] => 234324
                        )

                    [createdAt] => 2017-10-02 15:10:19
                    [site] => www-bigms-ru
                    [contragent] => Array
                        (
                            [contragentType] => individual
                        )

                    [personalDiscount] => 0
                    [cumulativeDiscount] => 0
                    [marginSumm] => 12550
                    [totalSumm] => 12550
                    [averageSumm] => 12550
                    [ordersCount] => 1
                    [costSumm] => 0
                )

            [delivery] => Array
                (
                    [cost] => 0
                    [netCost] => 0
                    [address] => Array
                        (
                        )

                )

            [site] => www-bigms-ru
            [status] => complete
            [items] => Array
                (
                    [4304] => Array
                        (
                            [id] => 4304
                            [initialPrice] => 6242
                            [discountTotal] => 0
                            [createdAt] => 2017-10-02 15:10:20
                            [quantity] => 1
                            [status] => new
                            [offer] => Array
                                (
                                    [id] => 22138
                                    [externalId] => 10407
                                    [xmlId] => f3aa1270-9ffb-44b6-bf2b-840382338fe0
                                    [name] => Смеситель для раковины Hansgrohe Focus E2 31607000
                                )

                            [purchasePrice] => 0
                            [create] => 1
                        )

                    [4305] => Array
                        (
                            [id] => 4305
                            [initialPrice] => 6308
                            [discountTotal] => 0
                            [createdAt] => 2017-10-02 15:10:20
                            [quantity] => 1
                            [status] => new
                            [offer] => Array
                                (
                                    [id] => 22139
                                    [externalId] => 10442
                                    [xmlId] => 3eec4f62-9b09-48a0-8761-d3e8df1999a9
                                    [name] => Смеситель для кухни HANSGROHE Focus E2 31806000
                                )

                            [purchasePrice] => 0
                            [create] => 1
                        )

                )

            [payments] => Array
                (
                    [1499] => Array
                        (
                            [id] => 1499
                            [status] => not-paid
                            [type] => cash
                            [amount] => 12550
                        )

                )

            [fromApi] => 1
            [shipmentStore] => БВ25/1
            [contragentType] => individual
            [create] => 1
        )

)
Array
(
    [TIME] => 2017-12-19 18:29:03
    [DATA] => Array
        (
            [slug] => 2978
            [id] => 2978
            [number] => 1807
            [externalId] => 1807
            [orderType] => eshop-individual
            [orderMethod] => shopping-cart
            [countryIso] => RU
            [createdAt] => 2017-10-02 18:06:14
            [statusUpdatedAt] => 2017-10-08 17:57:03
            [summ] => 3559
            [totalSumm] => 3559
            [prepaySum] => 0
            [purchaseSumm] => 0
            [markDatetime] => 2017-10-08 17:57:03
            [firstName] => Андрей
            [phone] => +7(982)623-35-15
            [managerComment] => Приедет забирать сам .Товар Заказал попросил Шинкевича заказать ,как товар будет у нас позвонить клиент приедет забирать.
            [customer] => Array
                (
                    [id] => 1447
                    [externalId] => 1781
                    [firstName] => Андрей
                    [email] => 1506956774@noemail.gav
                    [phones] => Array
                        (
                            [0] => Array
                                (
                                    [number] => +7(982)623-35-15
                                )

                        )

                    [address] => Array
                        (
                        )

                    [createdAt] => 2017-10-02 18:06:14
                    [site] => www-bigms-ru
                    [source] => Array
                        (
                            [source] => sip
                        )

                    [contragent] => Array
                        (
                            [contragentType] => individual
                        )

                    [personalDiscount] => 0
                    [cumulativeDiscount] => 0
                    [marginSumm] => 0
                    [totalSumm] => 0
                    [averageSumm] => 0
                    [ordersCount] => 0
                    [costSumm] => 0
                )

            [delivery] => Array
                (
                    [cost] => 0
                    [netCost] => 0
                    [address] => Array
                        (
                        )

                )

            [site] => www-bigms-ru
            [status] => new
            [items] => Array
                (
                    [4306] => Array
                        (
                            [id] => 4306
                            [initialPrice] => 3559
                            [discountTotal] => 0
                            [createdAt] => 2017-10-02 18:06:14
                            [quantity] => 1
                            [status] => new
                            [offer] => Array
                                (
                                    [id] => 22140
                                    [externalId] => 14395
                                    [xmlId] => adf1b3dd-7df7-4e4c-960a-85e69be17345
                                    [name] => Клапан антиконденсационный с внутренней резьбой 1', АТ133, T(открытия)=60 °С, ICMA
                                )

                            [purchasePrice] => 0
                            [create] => 1
                        )

                )

            [payments] => Array
                (
                    [1500] => Array
                        (
                            [id] => 1500
                            [status] => not-paid
                            [type] => cash
                            [amount] => 3559
                        )

                )

            [fromApi] => 1
            [shipmentStore] => БВ25/1
            [contragentType] => individual
            [create] => 1
        )

)
Array
(
    [TIME] => 2017-12-19 18:29:04
    [DATA] => Array
        (
            [slug] => 2979
            [id] => 2979
            [number] => 1808
            [externalId] => 1808
            [orderType] => eshop-individual
            [orderMethod] => shopping-cart
            [countryIso] => RU
            [createdAt] => 2017-10-02 20:22:05
            [statusUpdatedAt] => 2017-10-08 17:57:03
            [summ] => 1485
            [totalSumm] => 1485
            [prepaySum] => 0
            [purchaseSumm] => 0
            [markDatetime] => 2017-10-08 17:57:03
            [firstName] => Александр
            [phone] => +7(953)419-43-04
            [customer] => Array
                (
                    [id] => 1448
                    [externalId] => 1782
                    [firstName] => Александр
                    [email] => 1506964924@noemail.gav
                    [phones] => Array
                        (
                            [0] => Array
                                (
                                    [number] => +7(953)419-43-04
                                )

                        )

                    [address] => Array
                        (
                        )

                    [createdAt] => 2017-10-02 20:22:04
                    [site] => www-bigms-ru
                    [contragent] => Array
                        (
                            [contragentType] => individual
                        )

                    [personalDiscount] => 0
                    [cumulativeDiscount] => 0
                    [marginSumm] => 0
                    [totalSumm] => 0
                    [averageSumm] => 0
                    [ordersCount] => 0
                    [costSumm] => 0
                )

            [delivery] => Array
                (
                    [cost] => 0
                    [netCost] => 0
                    [address] => Array
                        (
                        )

                )

            [site] => www-bigms-ru
            [status] => cancel-other
            [items] => Array
                (
                    [4307] => Array
                        (
                            [id] => 4307
                            [initialPrice] => 297
                            [discountTotal] => 0
                            [createdAt] => 2017-10-02 20:22:05
                            [quantity] => 5
                            [status] => new
                            [offer] => Array
                                (
                                    [id] => 22141
                                    [externalId] => 11063
                                    [xmlId] => b4b7fba0-e267-48e0-9dbd-e3bf03874e5a
                                    [name] => Распредилитель потока для радиаторов, 1'х1/2' правый
                                )

                            [purchasePrice] => 0
                            [create] => 1
                        )

                )

            [payments] => Array
                (
                    [1501] => Array
                        (
                            [id] => 1501
                            [status] => not-paid
                            [type] => cash
                            [amount] => 1485
                        )

                )

            [fromApi] => 1
            [shipmentStore] => БВ25/1
            [contragentType] => individual
            [create] => 1
        )

)
Array
(
    [TIME] => 2017-12-19 18:29:04
    [DATA] => Array
        (
            [slug] => 2980
            [id] => 2980
            [number] => 1809
            [externalId] => 1809
            [orderType] => eshop-individual
            [orderMethod] => shopping-cart
            [countryIso] => RU
            [createdAt] => 2017-10-02 20:53:51
            [statusUpdatedAt] => 2017-10-08 17:57:03
            [summ] => 5750
            [totalSumm] => 5750
            [prepaySum] => 0
            [purchaseSumm] => 0
            [markDatetime] => 2017-10-08 17:57:03
            [firstName] => user_section_1506966831
            [phone] => +7(916)841-88-62
            [managerComment] => Самовывоз с тракта ,товар туда передали
            [customer] => Array
                (
                    [id] => 1449
                    [externalId] => 1783
                    [email] => 1506966831@noemail.gav
                    [phones] => Array
                        (
                            [0] => Array
                                (
                                    [number] => +7(916)841-88-62
                                )

                        )

                    [address] => Array
                        (
                        )

                    [createdAt] => 2017-10-02 20:53:51
                    [site] => www-bigms-ru
                    [contragent] => Array
                        (
                            [contragentType] => individual
                        )

                    [personalDiscount] => 0
                    [cumulativeDiscount] => 0
                    [marginSumm] => 5750
                    [totalSumm] => 5750
                    [averageSumm] => 5750
                    [ordersCount] => 1
                    [costSumm] => 0
                )

            [delivery] => Array
                (
                    [cost] => 0
                    [netCost] => 0
                    [address] => Array
                        (
                        )

                )

            [site] => www-bigms-ru
            [status] => complete
            [items] => Array
                (
                    [4308] => Array
                        (
                            [id] => 4308
                            [initialPrice] => 5750
                            [discountTotal] => 0
                            [createdAt] => 2017-10-02 20:53:51
                            [quantity] => 1
                            [status] => new
                            [offer] => Array
                                (
                                    [id] => 22142
                                    [externalId] => 9751
                                    [xmlId] => fa4f32a1-0616-4e62-8821-73bc7b086fcb
                                    [name] => Термостат комнатный с недельным программированием, беспроводной, RT500RF, Salus
                                )

                            [purchasePrice] => 0
                            [create] => 1
                        )

                )

            [payments] => Array
                (
                    [1502] => Array
                        (
                            [id] => 1502
                            [status] => not-paid
                            [type] => cash
                            [amount] => 5750
                        )

                )

            [fromApi] => 1
            [shipmentStore] => БВ25/1
            [contragentType] => individual
            [create] => 1
        )

)
Array
(
    [TIME] => 2017-12-19 18:39:05
    [DATA] => Array
        (
            [slug] => 2977
            [id] => 2977
            [number] => 1806
            [externalId] => 1806
            [orderType] => eshop-individual
            [orderMethod] => shopping-cart
            [countryIso] => RU
            [createdAt] => 2017-10-02 15:10:20
            [statusUpdatedAt] => 2017-10-08 17:57:03
            [summ] => 12550
            [totalSumm] => 12550
            [prepaySum] => 0
            [purchaseSumm] => 0
            [markDatetime] => 2017-10-08 17:57:03
            [firstName] => Дмитрий
            [phone] => +7(903)962-38-05
            [email] => link11@rambler.ru
            [customer] => Array
                (
                    [id] => 1446
                    [externalId] => 1780
                    [firstName] => Дмитрий
                    [email] => 324@mail.ru
                    [phones] => Array
                        (
                            [0] => Array
                                (
                                    [number] => 3243244334
                                )

                        )

                    [address] => Array
                        (
                            [city] => 3242
                            [text] => 234324
                        )

                    [createdAt] => 2017-10-02 15:10:19
                    [site] => www-bigms-ru
                    [contragent] => Array
                        (
                            [contragentType] => individual
                        )

                    [personalDiscount] => 0
                    [cumulativeDiscount] => 0
                    [marginSumm] => 12550
                    [totalSumm] => 12550
                    [averageSumm] => 12550
                    [ordersCount] => 1
                    [costSumm] => 0
                )

            [delivery] => Array
                (
                    [cost] => 0
                    [netCost] => 0
                    [address] => Array
                        (
                        )

                )

            [site] => www-bigms-ru
            [status] => complete
            [items] => Array
                (
                    [4304] => Array
                        (
                            [id] => 4304
                            [initialPrice] => 6242
                            [discountTotal] => 0
                            [createdAt] => 2017-10-02 15:10:20
                            [quantity] => 1
                            [status] => new
                            [offer] => Array
                                (
                                    [id] => 22138
                                    [externalId] => 10407
                                    [xmlId] => f3aa1270-9ffb-44b6-bf2b-840382338fe0
                                    [name] => Смеситель для раковины Hansgrohe Focus E2 31607000
                                )

                            [purchasePrice] => 0
                            [create] => 1
                        )

                    [4305] => Array
                        (
                            [id] => 4305
                            [initialPrice] => 6308
                            [discountTotal] => 0
                            [createdAt] => 2017-10-02 15:10:20
                            [quantity] => 1
                            [status] => new
                            [offer] => Array
                                (
                                    [id] => 22139
                                    [externalId] => 10442
                                    [xmlId] => 3eec4f62-9b09-48a0-8761-d3e8df1999a9
                                    [name] => Смеситель для кухни HANSGROHE Focus E2 31806000
                                )

                            [purchasePrice] => 0
                            [create] => 1
                        )

                )

            [payments] => Array
                (
                    [1499] => Array
                        (
                            [id] => 1499
                            [status] => not-paid
                            [type] => cash
                            [amount] => 12550
                        )

                )

            [fromApi] => 1
            [shipmentStore] => БВ25/1
            [contragentType] => individual
            [create] => 1
        )

)
Array
(
    [TIME] => 2017-12-19 18:39:06
    [DATA] => Array
        (
            [slug] => 2978
            [id] => 2978
            [number] => 1807
            [externalId] => 1807
            [orderType] => eshop-individual
            [orderMethod] => shopping-cart
            [countryIso] => RU
            [createdAt] => 2017-10-02 18:06:14
            [statusUpdatedAt] => 2017-10-08 17:57:03
            [summ] => 3559
            [totalSumm] => 3559
            [prepaySum] => 0
            [purchaseSumm] => 0
            [markDatetime] => 2017-10-08 17:57:03
            [firstName] => Андрей
            [phone] => +7(982)623-35-15
            [managerComment] => Приедет забирать сам .Товар Заказал попросил Шинкевича заказать ,как товар будет у нас позвонить клиент приедет забирать.
            [customer] => Array
                (
                    [id] => 1447
                    [externalId] => 1781
                    [firstName] => Андрей
                    [email] => 1506956774@noemail.gav
                    [phones] => Array
                        (
                            [0] => Array
                                (
                                    [number] => +7(982)623-35-15
                                )

                        )

                    [address] => Array
                        (
                        )

                    [createdAt] => 2017-10-02 18:06:14
                    [site] => www-bigms-ru
                    [source] => Array
                        (
                            [source] => sip
                        )

                    [contragent] => Array
                        (
                            [contragentType] => individual
                        )

                    [personalDiscount] => 0
                    [cumulativeDiscount] => 0
                    [marginSumm] => 0
                    [totalSumm] => 0
                    [averageSumm] => 0
                    [ordersCount] => 0
                    [costSumm] => 0
                )

            [delivery] => Array
                (
                    [cost] => 0
                    [netCost] => 0
                    [address] => Array
                        (
                        )

                )

            [site] => www-bigms-ru
            [status] => new
            [items] => Array
                (
                    [4306] => Array
                        (
                            [id] => 4306
                            [initialPrice] => 3559
                            [discountTotal] => 0
                            [createdAt] => 2017-10-02 18:06:14
                            [quantity] => 1
                            [status] => new
                            [offer] => Array
                                (
                                    [id] => 22140
                                    [externalId] => 14395
                                    [xmlId] => adf1b3dd-7df7-4e4c-960a-85e69be17345
                                    [name] => Клапан антиконденсационный с внутренней резьбой 1', АТ133, T(открытия)=60 °С, ICMA
                                )

                            [purchasePrice] => 0
                            [create] => 1
                        )

                )

            [payments] => Array
                (
                    [1500] => Array
                        (
                            [id] => 1500
                            [status] => not-paid
                            [type] => cash
                            [amount] => 3559
                        )

                )

            [fromApi] => 1
            [shipmentStore] => БВ25/1
            [contragentType] => individual
            [create] => 1
        )

)
Array
(
    [TIME] => 2017-12-19 18:39:06
    [DATA] => Array
        (
            [slug] => 2979
            [id] => 2979
            [number] => 1808
            [externalId] => 1808
            [orderType] => eshop-individual
            [orderMethod] => shopping-cart
            [countryIso] => RU
            [createdAt] => 2017-10-02 20:22:05
            [statusUpdatedAt] => 2017-10-08 17:57:03
            [summ] => 1485
            [totalSumm] => 1485
            [prepaySum] => 0
            [purchaseSumm] => 0
            [markDatetime] => 2017-10-08 17:57:03
            [firstName] => Александр
            [phone] => +7(953)419-43-04
            [customer] => Array
                (
                    [id] => 1448
                    [externalId] => 1782
                    [firstName] => Александр
                    [email] => 1506964924@noemail.gav
                    [phones] => Array
                        (
                            [0] => Array
                                (
                                    [number] => +7(953)419-43-04
                                )

                        )

                    [address] => Array
                        (
                        )

                    [createdAt] => 2017-10-02 20:22:04
                    [site] => www-bigms-ru
                    [contragent] => Array
                        (
                            [contragentType] => individual
                        )

                    [personalDiscount] => 0
                    [cumulativeDiscount] => 0
                    [marginSumm] => 0
                    [totalSumm] => 0
                    [averageSumm] => 0
                    [ordersCount] => 0
                    [costSumm] => 0
                )

            [delivery] => Array
                (
                    [cost] => 0
                    [netCost] => 0
                    [address] => Array
                        (
                        )

                )

            [site] => www-bigms-ru
            [status] => cancel-other
            [items] => Array
                (
                    [4307] => Array
                        (
                            [id] => 4307
                            [initialPrice] => 297
                            [discountTotal] => 0
                            [createdAt] => 2017-10-02 20:22:05
                            [quantity] => 5
                            [status] => new
                            [offer] => Array
                                (
                                    [id] => 22141
                                    [externalId] => 11063
                                    [xmlId] => b4b7fba0-e267-48e0-9dbd-e3bf03874e5a
                                    [name] => Распредилитель потока для радиаторов, 1'х1/2' правый
                                )

                            [purchasePrice] => 0
                            [create] => 1
                        )

                )

            [payments] => Array
                (
                    [1501] => Array
                        (
                            [id] => 1501
                            [status] => not-paid
                            [type] => cash
                            [amount] => 1485
                        )

                )

            [fromApi] => 1
            [shipmentStore] => БВ25/1
            [contragentType] => individual
            [create] => 1
        )

)
Array
(
    [TIME] => 2017-12-19 18:39:06
    [DATA] => Array
        (
            [slug] => 2980
            [id] => 2980
            [number] => 1809
            [externalId] => 1809
            [orderType] => eshop-individual
            [orderMethod] => shopping-cart
            [countryIso] => RU
            [createdAt] => 2017-10-02 20:53:51
            [statusUpdatedAt] => 2017-10-08 17:57:03
            [summ] => 5750
            [totalSumm] => 5750
            [prepaySum] => 0
            [purchaseSumm] => 0
            [markDatetime] => 2017-10-08 17:57:03
            [firstName] => user_section_1506966831
            [phone] => +7(916)841-88-62
            [managerComment] => Самовывоз с тракта ,товар туда передали
            [customer] => Array
                (
                    [id] => 1449
                    [externalId] => 1783
                    [email] => 1506966831@noemail.gav
                    [phones] => Array
                        (
                            [0] => Array
                                (
                                    [number] => +7(916)841-88-62
                                )

                        )

                    [address] => Array
                        (
                        )

                    [createdAt] => 2017-10-02 20:53:51
                    [site] => www-bigms-ru
                    [contragent] => Array
                        (
                            [contragentType] => individual
                        )

                    [personalDiscount] => 0
                    [cumulativeDiscount] => 0
                    [marginSumm] => 5750
                    [totalSumm] => 5750
                    [averageSumm] => 5750
                    [ordersCount] => 1
                    [costSumm] => 0
                )

            [delivery] => Array
                (
                    [cost] => 0
                    [netCost] => 0
                    [address] => Array
                        (
                        )

                )

            [site] => www-bigms-ru
            [status] => complete
            [items] => Array
                (
                    [4308] => Array
                        (
                            [id] => 4308
                            [initialPrice] => 5750
                            [discountTotal] => 0
                            [createdAt] => 2017-10-02 20:53:51
                            [quantity] => 1
                            [status] => new
                            [offer] => Array
                                (
                                    [id] => 22142
                                    [externalId] => 9751
                                    [xmlId] => fa4f32a1-0616-4e62-8821-73bc7b086fcb
                                    [name] => Термостат комнатный с недельным программированием, беспроводной, RT500RF, Salus
                                )

                            [purchasePrice] => 0
                            [create] => 1
                        )

                )

            [payments] => Array
                (
                    [1502] => Array
                        (
                            [id] => 1502
                            [status] => not-paid
                            [type] => cash
                            [amount] => 5750
                        )

                )

            [fromApi] => 1
            [shipmentStore] => БВ25/1
            [contragentType] => individual
            [create] => 1
        )

)
