Array
(
    [TIME] => 2017-12-19 18:49:01
    [DATA] => Array
        (
            [externalId] => 1
            [email] => info@bigms.ru
            [createdAt] => 2015-06-10 13:05:23
            [contragentType] => individual
            [firstName] => admin
            [lastName] => admin
            [phones] => Array
                (
                    [0] => Array
                        (
                            [number] => 4444444444444444444
                        )

                )

            [address] => Array
                (
                    [city] => 4444444
                    [text] => 1111111111;o;o111111
                )

        )

)
Array
(
    [TIME] => 2017-12-19 19:37:01
    [DATA] => Array
        (
            [externalId] => 1990
            [email] => testkjkjk@kkk.ru
            [createdAt] => 2017-12-19 19:34:49
            [contragentType] => individual
            [firstName] => Тест
        )

)
Array
(
    [TIME] => 2017-12-19 19:59:02
    [DATA] => Array
        (
            [externalId] => 1991
            [email] => 1513702682@noemail.gav
            [createdAt] => 2017-12-19 19:58:02
            [contragentType] => individual
            [phones] => Array
                (
                    [0] => Array
                        (
                            [number] => +7(977)669-29-82
                        )

                )

        )

)
Array
(
    [TIME] => 2017-12-20 21:33:01
    [DATA] => Array
        (
            [externalId] => 1992
            [email] => vovo4ka90@bk.ru
            [createdAt] => 2017-12-20 21:32:49
            [contragentType] => individual
            [firstName] => Александр
        )

)
Array
(
    [TIME] => 2017-12-20 21:44:01
    [DATA] => Array
        (
            [externalId] => 1992
            [email] => vovo4ka90@bk.ru
            [createdAt] => 2017-12-20 21:32:49
            [contragentType] => individual
            [firstName] => Александр
        )

)
