Array
(
    [TIME] => 2017-12-19 18:18:15
    [DATA] => Array
        (
            [number] => 2020
            [externalId] => 2020
            [createdAt] => 2017-12-19 18:18:15
            [customer] => Array
                (
                    [externalId] => 1
                )

            [orderType] => eshop-individual
            [status] => new
            [delivery] => Array
                (
                    [cost] => 0
                    [address] => 
                    [code] => courier
                )

            [contragent] => Array
                (
                    [contragentType] => individual
                )

            [payments] => Array
                (
                    [0] => Array
                        (
                            [type] => cash
                            [amount] => 4666
                            [status] => not-paid
                        )

                )

        )

)
Array
(
    [TIME] => 2017-12-19 18:18:16
    [DATA] => Array
        (
            [number] => 2020
            [externalId] => 2020
            [createdAt] => 2017-12-19 18:18:15
            [customer] => Array
                (
                    [externalId] => 1
                )

            [orderType] => eshop-individual
            [status] => new
            [delivery] => Array
                (
                    [cost] => 0
                    [address] => 
                    [code] => courier
                )

            [contragent] => Array
                (
                    [contragentType] => individual
                )

            [items] => Array
                (
                    [0] => Array
                        (
                            [quantity] => 1
                            [offer] => Array
                                (
                                    [externalId] => 14433
                                )

                            [productName] => Фильтр промывной 1/2' для ХОЛОДНОЙ воды с регулятором давления, без манометра BWT Protector mini C/R HWS 10548
                            [discountManualAmount] => 0
                            [discountManualPercent] => 0
                            [initialPrice] => 4166
                        )

                )

            [payments] => Array
                (
                    [0] => Array
                        (
                            [type] => cash
                            [amount] => 4166
                            [externalId] => 2155
                            [status] => not-paid
                        )

                )

        )

)
Array
(
    [TIME] => 2017-12-19 18:49:01
    [DATA] => Array
        (
            [number] => 2020
            [externalId] => 2020
            [createdAt] => 2017-12-19 18:18:15
            [customer] => Array
                (
                    [externalId] => 1
                )

            [orderType] => eshop-individual
            [status] => new
            [delivery] => Array
                (
                    [cost] => 0
                    [address] => Array
                        (
                            [text] => ваываыв, 1, 2
                        )

                    [code] => courier
                )

            [contragent] => Array
                (
                    [contragentType] => individual
                )

            [lastName] => admin
            [firstName] => admin
            [email] => info@bigms.ru
            [phone] => +7(131)231-23-12
            [items] => Array
                (
                    [0] => Array
                        (
                            [quantity] => 1
                            [offer] => Array
                                (
                                    [externalId] => 14433
                                )

                            [productName] => Фильтр промывной 1/2' для ХОЛОДНОЙ воды с регулятором давления, без манометра BWT Protector mini C/R HWS 10548
                            [discountManualAmount] => 0
                            [discountManualPercent] => 0
                            [initialPrice] => 4166
                        )

                )

            [payments] => Array
                (
                    [0] => Array
                        (
                            [type] => cash
                            [amount] => 4166
                            [externalId] => 2155
                            [status] => not-paid
                        )

                )

        )

)
Array
(
    [TIME] => 2017-12-19 19:32:31
    [DATA] => Array
        (
            [number] => 2020
            [externalId] => 2020
            [createdAt] => 2017-12-19 18:18:15
            [customer] => Array
                (
                    [externalId] => 1
                )

            [orderType] => eshop-individual
            [status] => new
            [delivery] => Array
                (
                    [cost] => 0
                )

            [contragent] => Array
                (
                    [contragentType] => individual
                )

        )

)
Array
(
    [TIME] => 2017-12-19 19:32:32
    [DATA] => Array
        (
            [number] => 2019
            [externalId] => 2019
            [createdAt] => 2017-12-19 18:08:23
            [customer] => Array
                (
                    [externalId] => 1
                )

            [orderType] => eshop-individual
            [status] => new
            [customerComment] => werwerwe
            [delivery] => Array
                (
                    [cost] => 0
                )

            [contragent] => Array
                (
                    [contragentType] => individual
                )

        )

)
Array
(
    [TIME] => 2017-12-19 19:37:01
    [DATA] => Array
        (
            [number] => 2021
            [externalId] => 2021
            [createdAt] => 2017-12-19 19:34:49
            [customer] => Array
                (
                    [externalId] => 1990
                )

            [orderType] => eshop-individual
            [status] => new
            [customerComment] => Тестовый комментарий
            [delivery] => Array
                (
                    [cost] => 0
                    [address] => Array
                        (
                            [text] => Доставить сюда, 1, 23
                        )

                    [code] => courier
                )

            [contragent] => Array
                (
                    [contragentType] => individual
                )

            [firstName] => Тест
            [email] => testkjkjk@kkk.ru
            [phone] => +7(121)123-12-31
            [items] => Array
                (
                    [0] => Array
                        (
                            [quantity] => 1
                            [offer] => Array
                                (
                                    [externalId] => 14433
                                )

                            [productName] => Фильтр промывной 1/2' для ХОЛОДНОЙ воды с регулятором давления, без манометра BWT Protector mini C/R HWS 10548
                            [discountManualAmount] => 0
                            [discountManualPercent] => 0
                            [initialPrice] => 4166
                        )

                )

            [payments] => Array
                (
                    [0] => Array
                        (
                            [type] => cash
                            [amount] => 4166
                            [externalId] => 2156
                            [status] => not-paid
                        )

                )

        )

)
Array
(
    [TIME] => 2017-12-19 19:59:02
    [DATA] => Array
        (
            [number] => 2022
            [externalId] => 2022
            [createdAt] => 2017-12-19 19:58:02
            [customer] => Array
                (
                    [externalId] => 1991
                )

            [orderType] => eshop-individual
            [status] => new
            [delivery] => Array
                (
                    [cost] => 0
                    [address] => 
                )

            [contragent] => Array
                (
                    [contragentType] => individual
                )

            [firstName] => user_section_1513702682
            [phone] => +7(977)669-29-82
            [items] => Array
                (
                    [0] => Array
                        (
                            [quantity] => 1
                            [offer] => Array
                                (
                                    [externalId] => 11068
                                )

                            [productName] => Врезка в канализационную трубу (пластиковая) Ø110х50, JIMTEN
                            [discountManualAmount] => 0
                            [discountManualPercent] => 0
                            [initialPrice] => 176
                        )

                )

            [payments] => Array
                (
                    [0] => Array
                        (
                            [type] => cash
                            [amount] => 176
                            [externalId] => 2157
                            [status] => not-paid
                        )

                )

        )

)
Array
(
    [TIME] => 2017-12-20 21:33:01
    [DATA] => Array
        (
            [number] => 2023
            [externalId] => 2023
            [createdAt] => 2017-12-20 21:32:50
            [customer] => Array
                (
                    [externalId] => 1992
                )

            [orderType] => eshop-individual
            [status] => new
            [delivery] => Array
                (
                    [cost] => 0
                    [address] => 
                )

            [contragent] => Array
                (
                    [contragentType] => individual
                )

            [firstName] => Александр
            [email] => vovo4ka90@bk.ru
            [phone] => 89150947318
            [items] => Array
                (
                    [0] => Array
                        (
                            [quantity] => 1
                            [offer] => Array
                                (
                                    [externalId] => 27857
                                )

                            [productName] => Устройство плавного пуска инструмента УПП-И, EXTRA
                            [discountManualAmount] => 0
                            [discountManualPercent] => 0
                            [initialPrice] => 2309
                        )

                )

            [payments] => Array
                (
                    [0] => Array
                        (
                            [type] => cash
                            [amount] => 2309
                            [externalId] => 2158
                            [status] => not-paid
                        )

                )

        )

)
Array
(
    [TIME] => 2017-12-20 21:44:01
    [DATA] => Array
        (
            [number] => 2024
            [externalId] => 2024
            [createdAt] => 2017-12-20 21:41:07
            [customer] => Array
                (
                    [externalId] => 1992
                )

            [orderType] => eshop-individual
            [status] => new
            [delivery] => Array
                (
                    [cost] => 0
                    [address] => 
                )

            [contragent] => Array
                (
                    [contragentType] => individual
                )

            [firstName] => Александр
            [phone] => +7(915)094-73-18
            [items] => Array
                (
                    [0] => Array
                        (
                            [quantity] => 1
                            [offer] => Array
                                (
                                    [externalId] => 27857
                                )

                            [productName] => Устройство плавного пуска инструмента УПП-И, EXTRA
                            [discountManualAmount] => 0
                            [discountManualPercent] => 0
                            [initialPrice] => 2309
                        )

                )

            [payments] => Array
                (
                    [0] => Array
                        (
                            [type] => cash
                            [amount] => 2309
                            [externalId] => 2159
                            [status] => not-paid
                        )

                )

        )

)
