Array
(
    [TIME] => 2017-10-10 10:42:01
    [DATA] => Array
        (
        )

)
Array
(
    [TIME] => 2017-10-10 10:53:02
    [DATA] => Array
        (
        )

)
Array
(
    [TIME] => 2017-10-10 11:04:03
    [DATA] => Array
        (
        )

)
Array
(
    [TIME] => 2017-10-10 11:15:02
    [DATA] => Array
        (
        )

)
Array
(
    [TIME] => 2017-10-10 11:26:01
    [DATA] => Array
        (
        )

)
Array
(
    [TIME] => 2017-10-10 11:36:06
    [DATA] => Array
        (
        )

)
Array
(
    [TIME] => 2017-10-10 11:47:02
    [DATA] => Array
        (
        )

)
Array
(
    [TIME] => 2017-10-10 11:57:02
    [DATA] => Array
        (
        )

)
Array
(
    [TIME] => 2017-10-10 12:08:02
    [DATA] => Array
        (
        )

)
Array
(
    [TIME] => 2017-10-10 12:19:02
    [DATA] => Array
        (
        )

)
Array
(
    [TIME] => 2017-10-10 12:30:02
    [DATA] => Array
        (
        )

)
Array
(
    [TIME] => 2017-10-10 12:40:08
    [DATA] => Array
        (
        )

)
Array
(
    [TIME] => 2017-10-10 12:51:03
    [DATA] => Array
        (
        )

)
Array
(
    [TIME] => 2017-10-10 13:02:02
    [DATA] => Array
        (
        )

)
Array
(
    [TIME] => 2017-10-10 13:13:01
    [DATA] => Array
        (
        )

)
Array
(
    [TIME] => 2017-10-10 13:24:02
    [DATA] => Array
        (
        )

)
Array
(
    [TIME] => 2017-10-10 13:35:02
    [DATA] => Array
        (
        )

)
Array
(
    [TIME] => 2017-10-10 13:46:03
    [DATA] => Array
        (
        )

)
Array
(
    [TIME] => 2017-10-10 13:57:01
    [DATA] => Array
        (
        )

)
Array
(
    [TIME] => 2017-10-10 14:07:02
    [DATA] => Array
        (
        )

)
Array
(
    [TIME] => 2017-10-10 14:17:02
    [DATA] => Array
        (
        )

)
Array
(
    [TIME] => 2017-10-10 14:28:01
    [DATA] => Array
        (
        )

)
Array
(
    [TIME] => 2017-10-10 14:38:02
    [DATA] => Array
        (
        )

)
Array
(
    [TIME] => 2017-10-10 14:49:02
    [DATA] => Array
        (
        )

)
Array
(
    [TIME] => 2017-10-10 15:00:03
    [DATA] => Array
        (
        )

)
Array
(
    [TIME] => 2017-10-10 15:11:03
    [DATA] => Array
        (
        )

)
Array
(
    [TIME] => 2017-10-10 15:22:02
    [DATA] => Array
        (
        )

)
Array
(
    [TIME] => 2017-10-10 15:33:02
    [DATA] => Array
        (
        )

)
Array
(
    [TIME] => 2017-10-10 15:44:02
    [DATA] => Array
        (
        )

)
Array
(
    [TIME] => 2017-10-10 15:55:02
    [DATA] => Array
        (
        )

)
Array
(
    [TIME] => 2017-10-10 16:05:02
    [DATA] => Array
        (
        )

)
Array
(
    [TIME] => 2017-10-10 16:16:01
    [DATA] => Array
        (
        )

)
Array
(
    [TIME] => 2017-10-10 16:27:02
    [DATA] => Array
        (
        )

)
Array
(
    [TIME] => 2017-10-10 16:38:02
    [DATA] => Array
        (
        )

)
Array
(
    [TIME] => 2017-10-10 16:49:02
    [DATA] => Array
        (
        )

)
Array
(
    [TIME] => 2017-10-10 17:00:04
    [DATA] => Array
        (
        )

)
Array
(
    [TIME] => 2017-10-10 17:11:01
    [DATA] => Array
        (
        )

)
Array
(
    [TIME] => 2017-10-10 17:22:01
    [DATA] => Array
        (
        )

)
Array
(
    [TIME] => 2017-10-10 17:33:02
    [DATA] => Array
        (
        )

)
Array
(
    [TIME] => 2017-10-10 17:44:02
    [DATA] => Array
        (
        )

)
Array
(
    [TIME] => 2017-10-10 17:55:01
    [DATA] => Array
        (
        )

)
Array
(
    [TIME] => 2017-10-10 18:05:02
    [DATA] => Array
        (
        )

)
Array
(
    [TIME] => 2017-10-10 18:16:01
    [DATA] => Array
        (
        )

)
Array
(
    [TIME] => 2017-10-10 18:26:02
    [DATA] => Array
        (
        )

)
Array
(
    [TIME] => 2017-10-10 18:37:02
    [DATA] => Array
        (
        )

)
Array
(
    [TIME] => 2017-10-10 18:47:02
    [DATA] => Array
        (
        )

)
Array
(
    [TIME] => 2017-10-10 18:58:01
    [DATA] => Array
        (
        )

)
Array
(
    [TIME] => 2017-10-10 19:09:04
    [DATA] => Array
        (
        )

)
Array
(
    [TIME] => 2017-10-10 19:20:01
    [DATA] => Array
        (
        )

)
Array
(
    [TIME] => 2017-10-10 19:31:01
    [DATA] => Array
        (
        )

)
Array
(
    [TIME] => 2017-10-10 19:42:02
    [DATA] => Array
        (
        )

)
Array
(
    [TIME] => 2017-10-10 19:53:01
    [DATA] => Array
        (
        )

)
Array
(
    [TIME] => 2017-10-10 20:04:02
    [DATA] => Array
        (
        )

)
Array
(
    [TIME] => 2017-10-10 20:15:02
    [DATA] => Array
        (
        )

)
Array
(
    [TIME] => 2017-10-10 20:26:02
    [DATA] => Array
        (
        )

)
Array
(
    [TIME] => 2017-10-10 20:37:01
    [DATA] => Array
        (
        )

)
Array
(
    [TIME] => 2017-10-10 20:48:02
    [DATA] => Array
        (
        )

)
Array
(
    [TIME] => 2017-10-10 20:59:02
    [DATA] => Array
        (
        )

)
Array
(
    [TIME] => 2017-10-10 21:09:04
    [DATA] => Array
        (
        )

)
Array
(
    [TIME] => 2017-10-10 21:20:02
    [DATA] => Array
        (
        )

)
Array
(
    [TIME] => 2017-10-10 21:31:02
    [DATA] => Array
        (
        )

)
Array
(
    [TIME] => 2017-10-10 21:42:01
    [DATA] => Array
        (
        )

)
Array
(
    [TIME] => 2017-10-10 21:53:01
    [DATA] => Array
        (
        )

)
Array
(
    [TIME] => 2017-10-10 22:04:02
    [DATA] => Array
        (
        )

)
Array
(
    [TIME] => 2017-10-10 22:15:02
    [DATA] => Array
        (
        )

)
Array
(
    [TIME] => 2017-10-10 22:25:02
    [DATA] => Array
        (
        )

)
Array
(
    [TIME] => 2017-10-10 22:36:02
    [DATA] => Array
        (
        )

)
Array
(
    [TIME] => 2017-10-10 22:46:02
    [DATA] => Array
        (
        )

)
Array
(
    [TIME] => 2017-10-10 22:57:02
    [DATA] => Array
        (
        )

)
Array
(
    [TIME] => 2017-10-10 23:08:01
    [DATA] => Array
        (
        )

)
Array
(
    [TIME] => 2017-10-10 23:19:02
    [DATA] => Array
        (
        )

)
Array
(
    [TIME] => 2017-10-10 23:30:02
    [DATA] => Array
        (
        )

)
Array
(
    [TIME] => 2017-10-10 23:41:02
    [DATA] => Array
        (
        )

)
Array
(
    [TIME] => 2017-10-10 23:52:02
    [DATA] => Array
        (
        )

)
Array
(
    [TIME] => 2017-10-11 00:03:02
    [DATA] => Array
        (
        )

)
Array
(
    [TIME] => 2017-10-11 00:14:02
    [DATA] => Array
        (
        )

)
Array
(
    [TIME] => 2017-10-11 00:25:02
    [DATA] => Array
        (
        )

)
Array
(
    [TIME] => 2017-10-11 00:36:02
    [DATA] => Array
        (
        )

)
Array
(
    [TIME] => 2017-10-11 00:46:02
    [DATA] => Array
        (
        )

)
Array
(
    [TIME] => 2017-10-11 00:57:01
    [DATA] => Array
        (
        )

)
Array
(
    [TIME] => 2017-10-11 01:08:02
    [DATA] => Array
        (
        )

)
Array
(
    [TIME] => 2017-10-11 01:19:02
    [DATA] => Array
        (
        )

)
Array
(
    [TIME] => 2017-10-11 01:29:02
    [DATA] => Array
        (
        )

)
Array
(
    [TIME] => 2017-10-11 01:40:02
    [DATA] => Array
        (
        )

)
Array
(
    [TIME] => 2017-10-11 01:51:02
    [DATA] => Array
        (
        )

)
Array
(
    [TIME] => 2017-10-11 02:01:02
    [DATA] => Array
        (
        )

)
Array
(
    [TIME] => 2017-10-11 02:12:02
    [DATA] => Array
        (
        )

)
Array
(
    [TIME] => 2017-10-11 02:23:02
    [DATA] => Array
        (
        )

)
Array
(
    [TIME] => 2017-10-11 02:34:01
    [DATA] => Array
        (
        )

)
Array
(
    [TIME] => 2017-10-11 02:44:02
    [DATA] => Array
        (
        )

)
Array
(
    [TIME] => 2017-10-11 02:55:02
    [DATA] => Array
        (
        )

)
Array
(
    [TIME] => 2017-10-11 03:06:02
    [DATA] => Array
        (
        )

)
Array
(
    [TIME] => 2017-10-11 03:17:02
    [DATA] => Array
        (
        )

)
Array
(
    [TIME] => 2017-10-11 03:28:02
    [DATA] => Array
        (
        )

)
Array
(
    [TIME] => 2017-10-11 03:39:05
    [DATA] => Array
        (
        )

)
Array
(
    [TIME] => 2017-10-11 03:50:02
    [DATA] => Array
        (
        )

)
Array
(
    [TIME] => 2017-10-11 04:00:02
    [DATA] => Array
        (
        )

)
Array
(
    [TIME] => 2017-10-11 04:11:02
    [DATA] => Array
        (
        )

)
Array
(
    [TIME] => 2017-10-11 04:22:02
    [DATA] => Array
        (
        )

)
Array
(
    [TIME] => 2017-10-11 04:33:02
    [DATA] => Array
        (
        )

)
Array
(
    [TIME] => 2017-10-11 04:44:02
    [DATA] => Array
        (
        )

)
Array
(
    [TIME] => 2017-10-11 04:54:02
    [DATA] => Array
        (
        )

)
Array
(
    [TIME] => 2017-10-11 05:05:02
    [DATA] => Array
        (
        )

)
Array
(
    [TIME] => 2017-10-11 05:15:02
    [DATA] => Array
        (
        )

)
Array
(
    [TIME] => 2017-10-11 05:26:01
    [DATA] => Array
        (
        )

)
Array
(
    [TIME] => 2017-10-11 05:36:02
    [DATA] => Array
        (
        )

)
Array
(
    [TIME] => 2017-10-11 05:47:02
    [DATA] => Array
        (
        )

)
Array
(
    [TIME] => 2017-10-11 05:58:02
    [DATA] => Array
        (
        )

)
Array
(
    [TIME] => 2017-10-11 06:09:05
    [DATA] => Array
        (
        )

)
Array
(
    [TIME] => 2017-10-11 06:20:02
    [DATA] => Array
        (
        )

)
Array
(
    [TIME] => 2017-10-11 06:31:02
    [DATA] => Array
        (
        )

)
Array
(
    [TIME] => 2017-10-11 06:42:02
    [DATA] => Array
        (
        )

)
Array
(
    [TIME] => 2017-10-11 06:53:02
    [DATA] => Array
        (
        )

)
Array
(
    [TIME] => 2017-10-11 07:04:01
    [DATA] => Array
        (
        )

)
Array
(
    [TIME] => 2017-10-11 07:15:02
    [DATA] => Array
        (
        )

)
Array
(
    [TIME] => 2017-10-11 07:26:01
    [DATA] => Array
        (
        )

)
Array
(
    [TIME] => 2017-10-11 07:36:02
    [DATA] => Array
        (
        )

)
Array
(
    [TIME] => 2017-10-11 07:47:02
    [DATA] => Array
        (
        )

)
Array
(
    [TIME] => 2017-10-11 07:58:02
    [DATA] => Array
        (
        )

)
Array
(
    [TIME] => 2017-10-11 08:09:06
    [DATA] => Array
        (
        )

)
Array
(
    [TIME] => 2017-10-11 08:20:02
    [DATA] => Array
        (
        )

)
Array
(
    [TIME] => 2017-10-11 08:31:01
    [DATA] => Array
        (
        )

)
Array
(
    [TIME] => 2017-10-11 08:42:02
    [DATA] => Array
        (
        )

)
Array
(
    [TIME] => 2017-10-11 08:53:02
    [DATA] => Array
        (
        )

)
Array
(
    [TIME] => 2017-10-11 09:03:02
    [DATA] => Array
        (
        )

)
Array
(
    [TIME] => 2017-10-11 09:14:02
    [DATA] => Array
        (
        )

)
Array
(
    [TIME] => 2017-10-11 09:25:02
    [DATA] => Array
        (
        )

)
Array
(
    [TIME] => 2017-10-11 09:36:02
    [DATA] => Array
        (
        )

)
Array
(
    [TIME] => 2017-10-11 09:46:02
    [DATA] => Array
        (
        )

)
Array
(
    [TIME] => 2017-10-11 09:57:02
    [DATA] => Array
        (
        )

)
Array
(
    [TIME] => 2017-10-11 10:08:02
    [DATA] => Array
        (
        )

)
Array
(
    [TIME] => 2017-10-11 10:19:02
    [DATA] => Array
        (
        )

)
Array
(
    [TIME] => 2017-10-11 10:30:02
    [DATA] => Array
        (
        )

)
Array
(
    [TIME] => 2017-10-11 10:41:01
    [DATA] => Array
        (
        )

)
Array
(
    [TIME] => 2017-10-11 10:52:02
    [DATA] => Array
        (
        )

)
Array
(
    [TIME] => 2017-10-11 11:02:02
    [DATA] => Array
        (
        )

)
Array
(
    [TIME] => 2017-10-11 11:13:02
    [DATA] => Array
        (
        )

)
Array
(
    [TIME] => 2017-10-11 11:24:03
    [DATA] => Array
        (
        )

)
Array
(
    [TIME] => 2017-10-11 11:35:02
    [DATA] => Array
        (
        )

)
Array
(
    [TIME] => 2017-10-11 11:46:02
    [DATA] => Array
        (
        )

)
Array
(
    [TIME] => 2017-10-11 11:57:02
    [DATA] => Array
        (
        )

)
Array
(
    [TIME] => 2017-10-11 12:08:02
    [DATA] => Array
        (
        )

)
Array
(
    [TIME] => 2017-10-11 12:19:02
    [DATA] => Array
        (
        )

)
Array
(
    [TIME] => 2017-10-11 12:30:02
    [DATA] => Array
        (
        )

)
Array
(
    [TIME] => 2017-10-11 12:41:02
    [DATA] => Array
        (
        )

)
Array
(
    [TIME] => 2017-10-11 12:52:01
    [DATA] => Array
        (
        )

)
Array
(
    [TIME] => 2017-10-11 13:03:02
    [DATA] => Array
        (
        )

)
Array
(
    [TIME] => 2017-10-11 13:14:02
    [DATA] => Array
        (
        )

)
Array
(
    [TIME] => 2017-10-11 13:25:01
    [DATA] => Array
        (
        )

)
Array
(
    [TIME] => 2017-10-11 13:36:03
    [DATA] => Array
        (
        )

)
Array
(
    [TIME] => 2017-10-11 13:47:01
    [DATA] => Array
        (
        )

)
Array
(
    [TIME] => 2017-10-11 13:58:02
    [DATA] => Array
        (
        )

)
Array
(
    [TIME] => 2017-10-11 14:09:05
    [DATA] => Array
        (
        )

)
Array
(
    [TIME] => 2017-10-11 14:20:02
    [DATA] => Array
        (
        )

)
Array
(
    [TIME] => 2017-10-11 14:31:03
    [DATA] => Array
        (
        )

)
Array
(
    [TIME] => 2017-10-11 14:42:02
    [DATA] => Array
        (
        )

)
Array
(
    [TIME] => 2017-10-11 14:53:02
    [DATA] => Array
        (
        )

)
Array
(
    [TIME] => 2017-10-11 15:04:02
    [DATA] => Array
        (
        )

)
