2015-Jul-22 16:35:04 Наличие необходимых модулей php (check_php_modules): Ok
Все необходимые модули установлены
2015-Jul-22 16:35:04 Обязательные параметры PHP (check_php_settings): Ok
Настройки правильные
2015-Jul-22 16:35:04 Модули веб-сервера (check_security): Ok
Конфликтов не выявлено
2015-Jul-22 16:35:04 Значения переменных сервера (check_server_vars): Ok
Корректные
2015-Jul-22 16:35:04 Сохранение сессии (check_session): Ok
50% done
2015-Jul-22 16:35:04 Сохранение сессии (check_session): Ok
Успешно
2015-Jul-22 16:35:04 Параметры настройки UTF (mbstring и константа BX_UTF) (check_mbstring): Ok
Правильные. Сайт работает в UTF кодировке
2015-Jul-22 16:35:05 Работа с сокетами (check_socket): Ok
Connection to bigms.dev.o2k.ru:80	Success

Успешно
2015-Jul-22 16:35:05 Параметры подключения к базе данных (check_dbconn_settings): Ok
Успешно
2015-Jul-22 16:35:05 Лишний вывод в файлах конфигурации (check_dbconn): Ok
Connection to bigms.dev.o2k.ru:80	Success

Успешно
2015-Jul-22 16:35:05 Выполнение агентов на cron (check_bx_crontab): Ok
Успешно
2015-Jul-22 16:35:05 Сохранение сессии без UserAgent (check_session_ua): Ok
50% done
Connection to bigms.dev.o2k.ru:80	Success

2015-Jul-22 16:35:05 Сохранение сессии без UserAgent (check_session_ua): Ok
Connection to bigms.dev.o2k.ru:80	Success

Успешно
2015-Jul-22 16:35:05 Настройки сайтов (check_sites): Ok
Правильные
2015-Jul-22 16:35:05 Служебные скрипты в корне сайта (check_install_scripts): Ok
Отсутствуют
2015-Jul-22 16:35:05 Передача объектов по ссылке (check_clone): Ok
Успешно
2015-Jul-22 16:35:05 Размер стека и pcre.recursion_limit (check_pcre_recursion): Warning
Connection to bigms.dev.o2k.ru:80	Success

Замечание. Возможны проблемы в работе с длинными строками из-за системных ограничений
2015-Jul-22 16:35:06 Вызов method_exists на строке (check_method_exists): Ok
Connection to bigms.dev.o2k.ru:80	Success

Успешно
2015-Jul-22 16:35:06 Загрузка файла (check_upload): Ok
Connection to bigms.dev.o2k.ru:80	Success

Успешно
2015-Jul-22 16:35:06 Загрузка файла больше 4Мб (check_upload_big): Ok
Connection to bigms.dev.o2k.ru:80	Success

Успешно
2015-Jul-22 16:35:06 Загрузка файла через php://input (check_upload_raw): Ok
Connection to bigms.dev.o2k.ru:80	Success

Успешно
2015-Jul-22 16:35:07 Передача POST запроса с большим числом параметров (check_post): Ok
Connection to bigms.dev.o2k.ru:80	Success

Успешно
2015-Jul-22 16:35:07 Отправка почты (check_mail): Fail
Ошибка! Не работает
2015-Jul-22 16:35:07 Отправка почтового сообщения больше 64Кб (check_mail_big): Fail
Ошибка! Не работает
2015-Jul-22 16:35:07 Проверка на наличие неотправленных сообщений (check_mail_b_event): Ok
Успешно
2015-Jul-22 16:35:07 Внутреннее перенаправление (функция LocalRedirect) (check_localredirect): Ok
50% done
Connection to bigms.dev.o2k.ru:80	Success

2015-Jul-22 16:35:07 Внутреннее перенаправление (функция LocalRedirect) (check_localredirect): Ok
Connection to bigms.dev.o2k.ru:80	Success

Успешно
2015-Jul-22 16:35:07 Фактическое ограничение памяти (check_memory_limit): Ok
20% done
Connection to bigms.dev.o2k.ru:80	Success

2015-Jul-22 16:35:07 Фактическое ограничение памяти (check_memory_limit): Ok
40% done
Connection to bigms.dev.o2k.ru:80	Success

2015-Jul-22 16:35:07 Фактическое ограничение памяти (check_memory_limit): Ok
60% done
Connection to bigms.dev.o2k.ru:80	Success

2015-Jul-22 16:35:07 Фактическое ограничение памяти (check_memory_limit): Ok
80% done
Connection to bigms.dev.o2k.ru:80	Success

2015-Jul-22 16:35:08 Фактическое ограничение памяти (check_memory_limit): Ok
Connection to bigms.dev.o2k.ru:80	Success

Не менее 256 М
2015-Jul-22 16:35:08 Работа с файлами кеша (check_cache): Ok
Успешно
2015-Jul-22 16:35:08 Доступ к серверу обновлений (check_update): Ok
Успешно
2015-Jul-22 16:35:08 HTTP авторизация (check_http_auth): Ok
Connection to bigms.dev.o2k.ru:80	Success

Успешно
2015-Jul-22 16:35:08 Создание и запуск файла (check_exec): Ok
Connection to bigms.dev.o2k.ru:80	Success

Успешно
2015-Jul-22 16:35:08 Функция getimagesize для swf (check_getimagesize): Ok
Успешно
2015-Jul-22 16:35:09 Версия MySQL-сервера (check_mysql_bug_version): Ok
Успешно
2015-Jul-22 16:35:10 Время на БД и веб-сервере (check_mysql_time): Ok
Успешно
2015-Jul-22 16:35:10 Режим работы MySQL (check_mysql_mode): Ok
Успешно
2015-Jul-22 16:35:10 Кодировка соединения (check_mysql_connection_charset): Ok
character_set_connection=utf8, collation_connection=utf8_unicode_ci, character_set_results=utf8
Успешно
2015-Jul-22 16:35:10 Кодировка базы данных (check_mysql_db_charset): Ok
CHARSET=utf8, COLLATION=utf8_unicode_ci
Успешно
2015-Jul-22 16:35:10 Кодировки таблиц в БД (check_mysql_table_charset): Fail
Сравнение поля "WORD" таблицы "b_sale_loc_search_word"  (utf8_bin) отличается от сравнения базы (utf8_unicode_ci)

Ошибка! Кодировки таблиц имеют ошибки, общее число ошибок: 1, из них автоматически могут быть исправлены: 1. Исправить
2015-Jul-22 16:35:10 Структура базы данных (check_mysql_table_structure): Warning
Замечание. Не проверено из-за ошибок кодировки таблиц
