
------------------------
2017.03.14 11:22:40
Deal:294
Order:1376
Roistat:6142

------------------------

------------------------
2017.03.14 11:22:41
Deal:294
Order:1376
Roistat:6142

------------------------

------------------------
2017.03.14 11:22:42
Deal:294
Order:1376
Roistat:6142

------------------------

------------------------
2017.03.14 11:22:42
Deal:294
Order:1376
Roistat:6142

------------------------

------------------------
2017.03.14 11:22:43
Deal:294
Order:1376
Roistat:6142

------------------------

------------------------
2017.03.14 11:22:44
Deal:294
Order:1376
Roistat:6142

------------------------

------------------------
2017.03.14 11:22:44
Deal:294
Order:1376
Roistat:6142

------------------------

------------------------
2017.03.14 11:22:45
Deal:294
Order:1376
Roistat:6142

------------------------

------------------------
2017.03.14 11:22:45
Deal:294
Order:1376
Roistat:6142

------------------------

------------------------
2017.03.14 11:22:46
Deal:294
Order:1376
Roistat:6142

------------------------

------------------------
2017.03.14 11:22:47
Deal:294
Order:1376
Roistat:6142

------------------------

------------------------
2017.03.14 11:22:47
Deal:294
Order:1376
Roistat:6142

------------------------

------------------------
2017.03.14 11:22:48
Deal:294
Order:1376
Roistat:6142

------------------------

------------------------
2017.03.14 11:22:48
Deal:294
Order:1376
Roistat:6142

------------------------

------------------------
2017.03.14 11:22:49
Deal:294
Order:1376
Roistat:6142

------------------------

------------------------
2017.03.14 11:22:50
Deal:294
Order:1376
Roistat:6142

------------------------

------------------------
2017.03.14 11:22:50
Deal:294
Order:1376
Roistat:6142

------------------------

------------------------
2017.03.14 11:22:51
Deal:294
Order:1376
Roistat:6142

------------------------

------------------------
2017.03.14 11:22:51
Deal:294
Order:1376
Roistat:6142

------------------------

------------------------
2017.03.14 11:22:52
Deal:294
Order:1376
Roistat:6142

------------------------

------------------------
2017.03.14 11:22:53
Deal:294
Order:1376
Roistat:6142

------------------------

------------------------
2017.03.14 11:22:53
Deal:294
Order:1376
Roistat:6142

------------------------

------------------------
2017.03.14 11:22:54
Deal:294
Order:1376
Roistat:6142

------------------------

------------------------
2017.03.14 11:22:54
Deal:294
Order:1376
Roistat:6142

------------------------

------------------------
2017.03.14 11:22:55
Deal:294
Order:1376
Roistat:6142

------------------------

------------------------
2017.03.14 11:22:56
Deal:294
Order:1376
Roistat:6142

------------------------

------------------------
2017.03.14 11:22:56
Deal:294
Order:1376
Roistat:6142

------------------------

------------------------
2017.03.14 11:22:57
Deal:294
Order:1376
Roistat:6142

------------------------

------------------------
2017.03.14 11:22:58
Deal:294
Order:1376
Roistat:6142

------------------------

------------------------
2017.03.14 11:22:59
Deal:294
Order:1376
Roistat:6142

------------------------

------------------------
2017.03.14 11:22:59
Deal:294
Order:1376
Roistat:6142

------------------------

------------------------
2017.03.14 11:22:59
Deal:294
Order:1376
Roistat:6142

------------------------

------------------------
2017.03.14 11:23:01
Deal:294
Order:1376
Roistat:6142

------------------------

------------------------
2017.03.14 11:23:01
Deal:294
Order:1376
Roistat:6142

------------------------

------------------------
2017.03.14 11:23:02
Deal:294
Order:1376
Roistat:6142

------------------------

------------------------
2017.03.14 11:23:03
Deal:294
Order:1376
Roistat:6142

------------------------

------------------------
2017.03.14 11:23:03
Deal:294
Order:1376
Roistat:6142

------------------------

------------------------
2017.03.14 11:23:03
Deal:294
Order:1376
Roistat:6142

------------------------

------------------------
2017.03.14 11:23:05
Deal:294
Order:1376
Roistat:6142

------------------------

------------------------
2017.03.14 11:23:05
Deal:294
Order:1376
Roistat:6142

------------------------

------------------------
2017.03.14 11:23:06
Deal:294
Order:1376
Roistat:6142

------------------------

------------------------
2017.03.14 11:23:07
Deal:294
Order:1376
Roistat:6142

------------------------

------------------------
2017.03.14 11:23:07
Deal:294
Order:1376
Roistat:6142

------------------------

------------------------
2017.03.14 11:23:07
Deal:294
Order:1376
Roistat:6142

------------------------

------------------------
2017.03.14 11:23:09
Deal:294
Order:1376
Roistat:6142

------------------------

------------------------
2017.03.14 11:23:09
Deal:294
Order:1376
Roistat:6142

------------------------

------------------------
2017.03.14 11:23:09
Deal:294
Order:1376
Roistat:6142

------------------------

------------------------
2017.03.14 11:23:10
Deal:294
Order:1376
Roistat:6142

------------------------

------------------------
2017.03.14 11:23:10
Deal:294
Order:1376
Roistat:6142

------------------------

------------------------
2017.03.14 11:23:11
Deal:294
Order:1376
Roistat:6142

------------------------

------------------------
2017.03.14 11:23:12
Deal:294
Order:1376
Roistat:6142

------------------------

------------------------
2017.03.14 11:23:12
Deal:294
Order:1376
Roistat:6142

------------------------

------------------------
2017.03.14 11:23:13
Deal:294
Order:1376
Roistat:6142

------------------------

------------------------
2017.03.14 11:23:14
Deal:294
Order:1376
Roistat:6142

------------------------

------------------------
2017.03.14 11:23:14
Deal:294
Order:1376
Roistat:6142

------------------------

------------------------
2017.03.14 11:23:15
Deal:294
Order:1376
Roistat:6142

------------------------

------------------------
2017.03.14 11:23:16
Deal:294
Order:1376
Roistat:6142

------------------------

------------------------
2017.03.14 11:23:16
Deal:294
Order:1376
Roistat:6142

------------------------

------------------------
2017.03.14 11:23:17
Deal:294
Order:1376
Roistat:6142

------------------------

------------------------
2017.03.14 11:23:17
Deal:294
Order:1376
Roistat:6142

------------------------

------------------------
2017.03.14 11:23:18
Deal:294
Order:1376
Roistat:6142

------------------------

------------------------
2017.03.14 11:23:18
Deal:294
Order:1376
Roistat:6142

------------------------

------------------------
2017.03.14 11:23:19
Deal:294
Order:1376
Roistat:6142

------------------------

------------------------
2017.03.14 11:23:20
Deal:294
Order:1376
Roistat:6142

------------------------

------------------------
2017.03.14 11:23:20
Deal:294
Order:1376
Roistat:6142

------------------------

------------------------
2017.03.14 11:23:21
Deal:294
Order:1376
Roistat:6142

------------------------

------------------------
2017.03.14 11:23:21
Deal:294
Order:1376
Roistat:6142

------------------------

------------------------
2017.03.14 11:23:22
Deal:294
Order:1376
Roistat:6142

------------------------

------------------------
2017.03.14 11:23:23
Deal:294
Order:1376
Roistat:6142

------------------------

------------------------
2017.03.14 11:23:23
Deal:294
Order:1376
Roistat:6142

------------------------

------------------------
2017.03.14 11:23:23
Deal:294
Order:1376
Roistat:6142

------------------------

------------------------
2017.03.14 11:23:25
Deal:294
Order:1376
Roistat:6142

------------------------

------------------------
2017.03.14 11:23:25
Deal:294
Order:1376
Roistat:6142

------------------------

------------------------
2017.03.14 11:23:25
Deal:294
Order:1376
Roistat:6142

------------------------

------------------------
2017.03.14 11:23:26
Deal:294
Order:1376
Roistat:6142

------------------------

------------------------
2017.03.14 11:23:26
Deal:294
Order:1376
Roistat:6142

------------------------

------------------------
2017.03.14 11:23:26
Deal:294
Order:1376
Roistat:6142

------------------------

------------------------
2017.03.14 11:23:28
Deal:294
Order:1376
Roistat:6142

------------------------

------------------------
2017.03.14 11:23:28
Deal:294
Order:1376
Roistat:6142

------------------------

------------------------
2017.03.14 11:23:28
Deal:294
Order:1376
Roistat:6142

------------------------

------------------------
2017.03.14 11:23:29
Deal:294
Order:1376
Roistat:6142

------------------------

------------------------
2017.03.14 11:23:29
Deal:294
Order:1376
Roistat:6142

------------------------

------------------------
2017.03.14 11:23:30
Deal:294
Order:1376
Roistat:6142

------------------------

------------------------
2017.03.14 11:23:31
Deal:294
Order:1376
Roistat:6142

------------------------

------------------------
2017.03.14 11:23:31
Deal:294
Order:1376
Roistat:6142

------------------------

------------------------
2017.03.14 11:23:31
Deal:294
Order:1376
Roistat:6142

------------------------

------------------------
2017.03.14 11:23:33
Deal:294
Order:1376
Roistat:6142

------------------------

------------------------
2017.03.14 11:23:33
Deal:294
Order:1376
Roistat:6142

------------------------

------------------------
2017.03.14 11:23:33
Deal:294
Order:1376
Roistat:6142

------------------------

------------------------
2017.03.14 11:23:34
Deal:294
Order:1376
Roistat:6142

------------------------

------------------------
2017.03.14 11:23:34
Deal:294
Order:1376
Roistat:6142

------------------------

------------------------
2017.03.14 11:23:34
Deal:294
Order:1376
Roistat:6142

------------------------

------------------------
2017.03.14 11:23:36
Deal:294
Order:1376
Roistat:6142

------------------------

------------------------
2017.03.14 11:23:36
Deal:294
Order:1376
Roistat:6142

------------------------

------------------------
2017.03.14 11:23:36
Deal:294
Order:1376
Roistat:6142

------------------------

------------------------
2017.03.14 11:23:37
Deal:294
Order:1376
Roistat:6142

------------------------

------------------------
2017.03.14 11:23:37
Deal:294
Order:1376
Roistat:6142

------------------------

------------------------
2017.03.14 11:23:37
Deal:294
Order:1376
Roistat:6142

------------------------

------------------------
2017.03.14 11:23:39
Deal:294
Order:1376
Roistat:6142

------------------------

------------------------
2017.03.14 11:23:39
Deal:294
Order:1376
Roistat:6142

------------------------

------------------------
2017.03.14 11:23:39
Deal:294
Order:1376
Roistat:6142

------------------------

------------------------
2017.03.14 11:23:40
Deal:294
Order:1376
Roistat:6142

------------------------

------------------------
2017.03.14 11:23:41
Deal:294
Order:1376
Roistat:6142

------------------------

------------------------
2017.03.14 11:23:41
Deal:294
Order:1376
Roistat:6142

------------------------

------------------------
2017.03.14 11:23:42
Deal:294
Order:1376
Roistat:6142

------------------------

------------------------
2017.03.14 11:23:42
Deal:294
Order:1376
Roistat:6142

------------------------

------------------------
2017.03.14 11:23:42
Deal:294
Order:1376
Roistat:6142

------------------------

------------------------
2017.03.14 11:23:43
Deal:294
Order:1376
Roistat:6142

------------------------

------------------------
2017.03.14 11:23:44
Deal:294
Order:1376
Roistat:6142

------------------------

------------------------
2017.03.14 11:23:44
Deal:294
Order:1376
Roistat:6142

------------------------

------------------------
2017.03.14 11:23:45
Deal:294
Order:1376
Roistat:6142

------------------------

------------------------
2017.03.14 11:23:46
Deal:294
Order:1376
Roistat:6142

------------------------

------------------------
2017.03.14 11:23:46
Deal:294
Order:1376
Roistat:6142

------------------------

------------------------
2017.03.14 11:23:46
Deal:294
Order:1376
Roistat:6142

------------------------

------------------------
2017.03.14 11:23:47
Deal:294
Order:1376
Roistat:6142

------------------------

------------------------
2017.03.14 11:23:47
Deal:294
Order:1376
Roistat:6142

------------------------

------------------------
2017.03.14 11:23:48
Deal:294
Order:1376
Roistat:6142

------------------------

------------------------
2017.03.14 11:23:49
Deal:294
Order:1376
Roistat:6142

------------------------

------------------------
2017.03.14 11:23:49
Deal:294
Order:1376
Roistat:6142

------------------------

------------------------
2017.03.14 11:23:49
Deal:294
Order:1376
Roistat:6142

------------------------

------------------------
2017.03.14 11:23:50
Deal:294
Order:1376
Roistat:6142

------------------------

------------------------
2017.03.14 11:23:50
Deal:294
Order:1376
Roistat:6142

------------------------

------------------------
2017.03.14 11:25:59
Deal:294
Order:---
Roistat:6142

------------------------

------------------------
2017.03.14 11:26:00
Deal:294
Order:1376
Roistat:6142

------------------------

------------------------
2017.03.14 11:26:00
Deal:294
Order:---
Roistat:6142

------------------------

------------------------
2017.03.14 11:26:01
Deal:294
Order:1376
Roistat:6142

------------------------

------------------------
2017.03.14 11:26:01
Deal:294
Order:---
Roistat:6142

------------------------

------------------------
2017.03.14 11:26:01
Deal:294
Order:---
Roistat:6142

------------------------

------------------------
2017.03.14 11:26:02
Deal:294
Order:1376
Roistat:6142

------------------------

------------------------
2017.03.14 11:26:02
Deal:294
Order:---
Roistat:6142

------------------------

------------------------
2017.03.14 11:26:02
Deal:294
Order:1376
Roistat:6142

------------------------

------------------------
2017.03.14 11:26:03
Deal:294
Order:1376
Roistat:6142

------------------------

------------------------
2017.03.14 11:26:03
Deal:294
Order:---
Roistat:6142

------------------------

------------------------
2017.03.14 11:26:04
Deal:294
Order:1376
Roistat:6142

------------------------

------------------------
2017.03.14 11:26:04
Deal:294
Order:---
Roistat:6142

------------------------

------------------------
2017.03.14 11:26:04
Deal:294
Order:---
Roistat:6142

------------------------

------------------------
2017.03.14 11:26:04
Deal:294
Order:1376
Roistat:6142

------------------------

------------------------
2017.03.14 11:26:04
Deal:294
Order:1376
Roistat:6142

------------------------

------------------------
2017.03.14 11:26:05
Deal:294
Order:---
Roistat:6142

------------------------

------------------------
2017.03.14 11:26:05
Deal:294
Order:1376
Roistat:6142

------------------------

------------------------
2017.03.14 11:26:06
Deal:294
Order:---
Roistat:6142

------------------------

------------------------
2017.03.14 11:26:06
Deal:294
Order:---
Roistat:6142

------------------------

------------------------
2017.03.14 11:26:06
Deal:294
Order:1376
Roistat:6142

------------------------

------------------------
2017.03.14 11:26:06
Deal:294
Order:1376
Roistat:6142

------------------------

------------------------
2017.03.14 11:26:07
Deal:294
Order:---
Roistat:6142

------------------------

------------------------
2017.03.14 11:26:07
Deal:294
Order:1376
Roistat:6142

------------------------

------------------------
2017.03.14 11:26:07
Deal:294
Order:---
Roistat:6142

------------------------

------------------------
2017.03.14 11:26:08
Deal:294
Order:---
Roistat:6142

------------------------

------------------------
2017.03.14 11:26:08
Deal:294
Order:1376
Roistat:6142

------------------------

------------------------
2017.03.14 11:26:09
Deal:294
Order:1376
Roistat:6142

------------------------

------------------------
2017.03.14 11:26:09
Deal:294
Order:---
Roistat:6142

------------------------

------------------------
2017.03.14 11:26:09
Deal:294
Order:1376
Roistat:6142

------------------------

------------------------
2017.03.14 11:26:09
Deal:294
Order:---
Roistat:6142

------------------------

------------------------
2017.03.14 11:26:10
Deal:294
Order:1376
Roistat:6142

------------------------

------------------------
2017.03.14 11:26:10
Deal:294
Order:---
Roistat:6142

------------------------

------------------------
2017.03.14 11:26:10
Deal:294
Order:---
Roistat:6142

------------------------

------------------------
2017.03.14 11:26:11
Deal:294
Order:1376
Roistat:6142

------------------------

------------------------
2017.03.14 11:26:11
Deal:294
Order:1376
Roistat:6142

------------------------

------------------------
2017.03.14 11:26:11
Deal:294
Order:---
Roistat:6142

------------------------

------------------------
2017.03.14 11:26:11
Deal:294
Order:1376
Roistat:6142

------------------------

------------------------
2017.03.14 11:26:12
Deal:294
Order:---
Roistat:6142

------------------------

------------------------
2017.03.14 11:26:12
Deal:294
Order:---
Roistat:6142

------------------------

------------------------
2017.03.14 11:26:13
Deal:294
Order:1376
Roistat:6142

------------------------

------------------------
2017.03.14 11:26:13
Deal:294
Order:1376
Roistat:6142

------------------------

------------------------
2017.03.14 11:26:13
Deal:294
Order:---
Roistat:6142

------------------------

------------------------
2017.03.14 11:26:13
Deal:294
Order:1376
Roistat:6142

------------------------

------------------------
2017.03.14 11:26:14
Deal:294
Order:---
Roistat:6142

------------------------

------------------------
2017.03.14 11:26:14
Deal:294
Order:---
Roistat:6142

------------------------

------------------------
2017.03.14 11:26:14
Deal:294
Order:1376
Roistat:6142

------------------------

------------------------
2017.03.14 11:26:14
Deal:294
Order:1376
Roistat:6142

------------------------

------------------------
2017.03.14 11:26:15
Deal:294
Order:---
Roistat:6142

------------------------

------------------------
2017.03.14 11:26:15
Deal:294
Order:1376
Roistat:6142

------------------------

------------------------
2017.03.14 11:26:15
Deal:294
Order:---
Roistat:6142

------------------------

------------------------
2017.03.14 11:26:16
Deal:294
Order:---
Roistat:6142

------------------------

------------------------
2017.03.14 11:26:16
Deal:294
Order:1376
Roistat:6142

------------------------

------------------------
2017.03.14 11:26:16
Deal:294
Order:1376
Roistat:6142

------------------------

------------------------
2017.03.14 11:26:16
Deal:294
Order:---
Roistat:6142

------------------------

------------------------
2017.03.14 11:26:17
Deal:294
Order:1376
Roistat:6142

------------------------

------------------------
2017.03.14 11:26:17
Deal:294
Order:---
Roistat:6142

------------------------

------------------------
2017.03.14 11:26:17
Deal:294
Order:1376
Roistat:6142

------------------------

------------------------
2017.03.14 11:26:18
Deal:294
Order:---
Roistat:6142

------------------------

------------------------
2017.03.14 11:26:18
Deal:294
Order:1376
Roistat:6142

------------------------

------------------------
2017.03.14 11:26:19
Deal:294
Order:---
Roistat:6142

------------------------

------------------------
2017.03.14 11:26:19
Deal:294
Order:1376
Roistat:6142

------------------------

------------------------
2017.03.14 11:26:20
Deal:294
Order:---
Roistat:6142

------------------------

------------------------
2017.03.14 11:26:20
Deal:294
Order:1376
Roistat:6142

------------------------

------------------------
2017.03.14 11:26:20
Deal:294
Order:---
Roistat:6142

------------------------

------------------------
2017.03.14 11:26:21
Deal:294
Order:1376
Roistat:6142

------------------------

------------------------
2017.03.14 11:26:21
Deal:294
Order:---
Roistat:6142

------------------------

------------------------
2017.03.14 11:26:21
Deal:294
Order:1376
Roistat:6142

------------------------

------------------------
2017.03.14 11:26:22
Deal:294
Order:---
Roistat:6142

------------------------

------------------------
2017.03.14 11:26:22
Deal:294
Order:---
Roistat:6142

------------------------

------------------------
2017.03.14 11:26:22
Deal:294
Order:1376
Roistat:6142

------------------------

------------------------
2017.03.14 11:26:22
Deal:294
Order:1376
Roistat:6142

------------------------

------------------------
2017.03.14 11:26:22
Deal:294
Order:---
Roistat:6142

------------------------

------------------------
2017.03.14 11:26:23
Deal:294
Order:1376
Roistat:6142

------------------------

------------------------
2017.03.14 11:30:37
Deal:296
Order:1377
Roistat:6142

------------------------

------------------------
2017.03.14 18:18:18
Deal:298
Order:1378
Roistat:6390

------------------------

------------------------
2017.03.14 22:18:11
Deal:300
Order:1379
Roistat:

------------------------

------------------------
2017.03.15 8:18:07
Deal:302
Order:1380
Roistat:6652

------------------------

------------------------
2017.03.15 16:36:29
Deal:304
Order:1381
Roistat:6676

------------------------

------------------------
2017.03.15 17:13:46
Deal:306
Order:1382
Roistat:6208

------------------------

------------------------
2017.03.16 5:02:37
Deal:308
Order:1383
Roistat:6845

------------------------

------------------------
2017.03.16 5:02:38
Deal:310
Order:1384
Roistat:6813

------------------------

------------------------
2017.03.16 5:02:43
Deal:312
Order:1385
Roistat:6940

------------------------

------------------------
2017.03.16 11:18:07
Deal:314
Order:1386
Roistat:7030

------------------------

------------------------
2017.03.16 12:49:43
Deal:316
Order:1387
Roistat:7021

------------------------

------------------------
2017.03.16 21:18:06
Deal:318
Order:1388
Roistat:7271

------------------------

------------------------
2017.03.17 17:18:03
Deal:320
Order:1389
Roistat:7519

------------------------

------------------------
2017.03.18 15:18:06
Deal:322
Order:1390
Roistat:7758

------------------------

------------------------
2017.03.19 17:17:27
Deal:324
Order:1391
Roistat:8046

------------------------

------------------------
2017.03.20 12:16:44
Deal:326
Order:1392
Roistat:8289

------------------------

------------------------
2017.03.20 18:16:37
Deal:328
Order:1393
Roistat:7062

------------------------

------------------------
2017.03.20 20:08:12
Deal:330
Order:1394
Roistat:8463

------------------------

------------------------
2017.03.20 20:16:31
Deal:332
Order:1395
Roistat:8477

------------------------

------------------------
2017.03.20 23:56:43
Deal:334
Order:1396
Roistat:8532

------------------------

------------------------
2017.03.21 10:11:03
Deal:336
Order:1397
Roistat:8630

------------------------

------------------------
2017.03.21 12:48:49
Deal:338
Order:1398
Roistat:8678

------------------------

------------------------
2017.03.22 10:23:01
Deal:340
Order:1399
Roistat:8956

------------------------

------------------------
2017.03.22 10:34:28
Deal:342
Order:1400
Roistat:8974

------------------------

------------------------
2017.03.22 11:16:51
Deal:344
Order:1401
Roistat:8310

------------------------

------------------------
2017.03.22 11:16:56
Deal:346
Order:1402
Roistat:8310

------------------------

------------------------
2017.03.22 12:48:53
Deal:348
Order:1403
Roistat:9022

------------------------

------------------------
2017.03.22 19:16:23
Deal:350
Order:1404
Roistat:9165

------------------------

------------------------
2017.03.22 21:16:24
Deal:352
Order:1405
Roistat:9179

------------------------

------------------------
2017.03.22 21:16:26
Deal:354
Order:1406
Roistat:9183

------------------------

------------------------
2017.03.23 0:48:44
Deal:356
Order:1407
Roistat:9094

------------------------

------------------------
2017.03.23 1:16:24
Deal:358
Order:1408
Roistat:9237

------------------------

------------------------
2017.03.23 11:16:35
Deal:360
Order:1409
Roistat:9281

------------------------

------------------------
2017.03.23 12:48:51
Deal:362
Order:1410
Roistat:9326

------------------------

------------------------
2017.03.24 12:44:43
Deal:364
Order:1411
Roistat:8218

------------------------

------------------------
2017.03.24 16:28:16
Deal:366
Order:1412
Roistat:9442

------------------------

------------------------
2017.03.24 19:16:24
Deal:368
Order:1413
Roistat:9882

------------------------

------------------------
2017.03.24 23:16:30
Deal:370
Order:1414
Roistat:9958

------------------------

------------------------
2017.03.24 23:16:31
Deal:372
Order:1415
Roistat:9958

------------------------

------------------------
2017.03.25 19:16:22
Deal:374
Order:1416
Roistat:10201

------------------------

------------------------
2017.03.25 21:16:27
Deal:376
Order:1417
Roistat:5670

------------------------

------------------------
2017.03.25 21:16:28
Deal:378
Order:1418
Roistat:10300

------------------------

------------------------
2017.03.25 21:16:29
Deal:380
Order:1419
Roistat:10326

------------------------

------------------------
2017.03.25 21:16:30
Deal:382
Order:1420
Roistat:10326

------------------------

------------------------
2017.03.26 3:16:29
Deal:384
Order:1421
Roistat:10420

------------------------

------------------------
2017.03.26 3:16:35
Deal:386
Order:1422
Roistat:10420

------------------------

------------------------
2017.03.26 11:16:23
Deal:388
Order:1423
Roistat:10415

------------------------

------------------------
2017.03.26 11:31:48
Deal:390
Order:1424
Roistat:10520

------------------------

------------------------
2017.03.26 16:21:21
Deal:392
Order:1425
Roistat:10564

------------------------

------------------------
2017.03.26 17:16:20
Deal:394
Order:1426
Roistat:10625

------------------------

------------------------
2017.03.26 17:16:21
Deal:396
Order:1427
Roistat:10625

------------------------

------------------------
2017.03.26 17:16:22
Deal:398
Order:1428
Roistat:10641

------------------------

------------------------
2017.03.26 19:16:19
Deal:400
Order:1429
Roistat:10564

------------------------

------------------------
2017.03.27 5:03:44
Deal:402
Order:1430
Roistat:10771

------------------------

------------------------
2017.03.27 9:57:49
Deal:404
Order:1431
Roistat:9722

------------------------

------------------------
2017.03.27 16:18:50
Deal:406
Order:1432
Roistat:10989

------------------------

------------------------
2017.03.27 16:18:51
Deal:408
Order:1433
Roistat:10998

------------------------

------------------------
2017.03.27 16:18:52
Deal:410
Order:1434
Roistat:11026

------------------------

------------------------
2017.03.27 19:03:28
Deal:412
Order:1435
Roistat:11101

------------------------

------------------------
2017.03.27 23:12:03
Deal:414
Order:1436
Roistat:11199

------------------------

------------------------
2017.03.28 3:12:05
Deal:416
Order:1437
Roistat:11281

------------------------

------------------------
2017.03.28 15:12:01
Deal:418
Order:1438
Roistat:11587

------------------------

------------------------
2017.03.28 23:12:00
Deal:420
Order:1439
Roistat:11570

------------------------

------------------------
2017.03.29 13:12:02
Deal:422
Order:1440
Roistat:10423

------------------------

------------------------
2017.03.29 15:11:59
Deal:424
Order:1441
Roistat:12080

------------------------

------------------------
2017.03.29 16:55:25
Deal:426
Order:1442
Roistat:11865

------------------------

------------------------
2017.03.29 23:12:00
Deal:428
Order:1443
Roistat:12239

------------------------

------------------------
2017.03.29 23:12:01
Deal:430
Order:1444
Roistat:12239

------------------------

------------------------
2017.03.30 8:27:18
Deal:432
Order:1445
Roistat:12291

------------------------

------------------------
2017.03.30 17:01:15
Deal:434
Order:1446
Roistat:12534

------------------------

------------------------
2017.03.30 20:45:00
Deal:436
Order:1447
Roistat:12591

------------------------

------------------------
2017.03.31 0:46:42
Deal:438
Order:1448
Roistat:12676

------------------------

------------------------
2017.03.31 17:04:33
Deal:440
Order:1449
Roistat:12889

------------------------

------------------------
2017.03.31 18:39:02
Deal:442
Order:1450
Roistat:12909

------------------------

------------------------
2017.03.31 21:11:59
Deal:444
Order:1451
Roistat:12994

------------------------

------------------------
2017.04.01 12:46:45
Deal:446
Order:1453
Roistat:13119

------------------------

------------------------
2017.04.01 12:46:46
Deal:448
Order:1454
Roistat:13119

------------------------

------------------------
2017.04.01 12:46:47
Deal:450
Order:1452
Roistat:13119

------------------------

------------------------
2017.04.01 12:46:48
Deal:452
Order:1455
Roistat:13134

------------------------

------------------------
2017.04.01 21:12:00
Deal:454
Order:1456
Roistat:13245

------------------------

------------------------
2017.04.02 11:12:01
Deal:456
Order:1457
Roistat:12989

------------------------

------------------------
2017.04.02 16:05:46
Deal:458
Order:1458
Roistat:13447

------------------------

------------------------
2017.04.02 21:01:20
Deal:460
Order:1459
Roistat:14540

------------------------

------------------------
2017.04.03 17:38:52
Deal:462
Order:1460
Roistat:14847

------------------------

------------------------
2017.04.03 22:01:17
Deal:464
Order:1461
Roistat:14957

------------------------

------------------------
2017.04.04 0:01:27
Deal:466
Order:1462
Roistat:14996

------------------------

------------------------
2017.04.04 0:01:27
Deal:468
Order:1463
Roistat:15002

------------------------

------------------------
2017.04.04 6:01:21
Deal:470
Order:1464
Roistat:15052

------------------------

------------------------
2017.04.04 10:01:19
Deal:472
Order:1465
Roistat:15080

------------------------

------------------------
2017.04.04 11:20:43
Deal:474
Order:1466
Roistat:15124

------------------------

------------------------
2017.04.04 12:01:20
Deal:476
Order:1467
Roistat:11705

------------------------

------------------------
2017.04.04 21:01:34
Deal:478
Order:1468
Roistat:15340

------------------------

------------------------
2017.04.05 10:01:24
Deal:482
Order:1470
Roistat:15353

------------------------

------------------------
2017.04.05 10:01:29
Deal:480
Order:1469
Roistat:15450

------------------------

------------------------
2017.04.05 11:48:47
Deal:484
Order:1471
Roistat:

------------------------

------------------------
2017.04.05 17:01:17
Deal:486
Order:1472
Roistat:15637

------------------------

------------------------
2017.04.05 17:01:19
Deal:488
Order:1473
Roistat:15668

------------------------

------------------------
2017.04.06 1:01:18
Deal:490
Order:1474
Roistat:15766

------------------------

------------------------
2017.04.06 12:01:21
Deal:494
Order:1476
Roistat:15873

------------------------

------------------------
2017.04.06 12:01:23
Deal:492
Order:1475
Roistat:15868

------------------------

------------------------
2017.04.06 19:39:24
Deal:496
Order:1477
Roistat:16018

------------------------

------------------------
2017.04.06 19:39:25
Deal:498
Order:1478
Roistat:16018

------------------------

------------------------
2017.04.07 12:01:27
Deal:500
Order:1479
Roistat:16037

------------------------

------------------------
2017.04.07 13:01:26
Deal:502
Order:1480
Roistat:16213

------------------------

------------------------
2017.04.07 17:34:27
Deal:504
Order:1481
Roistat:16258

------------------------

------------------------
2017.04.07 17:53:07
Deal:506
Order:1482
Roistat:16343

------------------------

------------------------
2017.04.07 17:53:08
Deal:508
Order:1483
Roistat:16338

------------------------

------------------------
2017.04.07 18:01:18
Deal:510
Order:1484
Roistat:16343

------------------------

------------------------
2017.04.08 0:01:20
Deal:512
Order:1485
Roistat:16426

------------------------

------------------------
2017.04.08 11:01:18
Deal:514
Order:1486
Roistat:16503

------------------------

------------------------
2017.04.08 13:01:20
Deal:516
Order:1487
Roistat:16532

------------------------

------------------------
2017.04.09 9:34:14
Deal:518
Order:1488
Roistat:16602

------------------------

------------------------
2017.04.09 9:34:14
Deal:520
Order:1489
Roistat:16610

------------------------

------------------------
2017.04.09 9:34:15
Deal:522
Order:1490
Roistat:16680

------------------------

------------------------
2017.04.10 8:48:24
Deal:524
Order:1491
Roistat:16745

------------------------

------------------------
2017.04.10 8:48:25
Deal:526
Order:1492
Roistat:16789

------------------------

------------------------
2017.04.10 12:29:54
Deal:528
Order:1493
Roistat:16926

------------------------

------------------------
2017.04.10 13:08:34
Deal:530
Order:1494
Roistat:17057

------------------------

------------------------
2017.04.10 14:01:18
Deal:532
Order:1495
Roistat:17077

------------------------

------------------------
2017.04.10 14:01:20
Deal:534
Order:1496
Roistat:16222

------------------------

------------------------
2017.04.10 15:49:51
Deal:536
Order:1497
Roistat:17120

------------------------

------------------------
2017.04.11 13:01:27
Deal:538
Order:1498
Roistat:17466

------------------------

------------------------
2017.04.13 9:10:34
Deal:540
Order:1499
Roistat:18010

------------------------

------------------------
2017.04.13 13:02:19
Deal:542
Order:1500
Roistat:16921

------------------------

------------------------
2017.04.13 21:01:52
Deal:544
Order:1501
Roistat:18269

------------------------

------------------------
2017.04.14 23:02:10
Deal:546
Order:1502
Roistat:

------------------------

------------------------
2017.04.16 12:02:02
Deal:548
Order:1503
Roistat:18891

------------------------

------------------------
2017.04.17 11:00:10
Deal:549
Order:1504
Roistat:19149

------------------------

------------------------
2017.04.17 12:04:57
Deal:551
Order:
Roistat:0

------------------------

------------------------
2017.04.17 12:05:12
Deal:553
Order:1506
Roistat:19182

------------------------

------------------------
2017.04.17 12:05:17
Deal:555
Order:1507
Roistat:19135

------------------------

------------------------
2017.04.17 23:02:03
Deal:556
Order:1508
Roistat:19412

------------------------

------------------------
2017.04.18 18:04:44
Deal:558
Order:1509
Roistat:19685

------------------------

------------------------
2017.04.20 1:02:39
Deal:560
Order:1510
Roistat:20079

------------------------

------------------------
2017.04.20 1:02:40
Deal:562
Order:1511
Roistat:20088

------------------------

------------------------
2017.04.20 1:02:41
Deal:564
Order:1512
Roistat:20088

------------------------

------------------------
2017.04.20 1:02:42
Deal:566
Order:1513
Roistat:20088

------------------------

------------------------
2017.04.20 13:02:37
Deal:568
Order:1514
Roistat:20187

------------------------

------------------------
2017.04.20 14:02:36
Deal:570
Order:1515
Roistat:20217

------------------------

------------------------
2017.04.20 19:02:33
Deal:572
Order:1516
Roistat:20304

------------------------

------------------------
2017.04.20 20:02:35
Deal:574
Order:1517
Roistat:20315

------------------------

------------------------
2017.04.20 20:26:58
Deal:576
Order:1518
Roistat:20322

------------------------

------------------------
2017.04.21 2:42:35
Deal:578
Order:1519
Roistat:20411

------------------------

------------------------
2017.04.21 12:02:34
Deal:580
Order:1520
Roistat:20491

------------------------

------------------------
2017.04.21 14:04:32
Deal:582
Order:1521
Roistat:20537

------------------------

------------------------
2017.04.21 21:02:49
Deal:584
Order:1522
Roistat:20704

------------------------

------------------------
2017.04.22 13:02:55
Deal:586
Order:1523
Roistat:

------------------------

------------------------
2017.04.22 17:02:48
Deal:588
Order:1524
Roistat:20841

------------------------

------------------------
2017.04.22 17:02:50
Deal:590
Order:1525
Roistat:20836

------------------------

------------------------
2017.04.23 10:14:59
Deal:592
Order:1526
Roistat:21027

------------------------

------------------------
2017.04.23 15:26:49
Deal:594
Order:1527
Roistat:21146

------------------------

------------------------
2017.04.23 20:02:48
Deal:596
Order:1528
Roistat:21200

------------------------

------------------------
2017.04.23 23:32:48
Deal:598
Order:1529
Roistat:21257

------------------------

------------------------
2017.04.24 9:34:52
Deal:600
Order:1530
Roistat:21327

------------------------

------------------------
2017.04.24 12:41:44
Deal:602
Order:1531
Roistat:

------------------------

------------------------
2017.04.24 15:33:42
Deal:604
Order:1532
Roistat:21537

------------------------

------------------------
2017.04.25 16:34:06
Deal:606
Order:1533
Roistat:21906

------------------------

------------------------
2017.04.25 22:34:08
Deal:608
Order:1534
Roistat:

------------------------

------------------------
2017.04.25 23:32:56
Deal:610
Order:1535
Roistat:22120

------------------------

------------------------
2017.04.26 23:32:57
Deal:612
Order:1536
Roistat:22512

------------------------

------------------------
2017.04.26 23:32:59
Deal:614
Order:1537
Roistat:22512

------------------------

------------------------
2017.04.29 17:26:10
Deal:616
Order:1538
Roistat:23180

------------------------

------------------------
2017.04.30 19:25:14
Deal:618
Order:1539
Roistat:23332

------------------------

------------------------
2017.05.02 11:48:58
Deal:620
Order:1540
Roistat:23658

------------------------

------------------------
2017.05.02 12:11:39
Deal:622
Order:1541
Roistat:23682

------------------------

------------------------
2017.05.02 14:22:45
Deal:624
Order:1542
Roistat:19778

------------------------

------------------------
2017.05.02 14:22:45
Deal:626
Order:1543
Roistat:19778

------------------------

------------------------
2017.05.02 18:19:30
Deal:628
Order:1544
Roistat:23804

------------------------

------------------------
2017.05.04 16:01:21
Deal:630
Order:1545
Roistat:24327

------------------------

------------------------
2017.05.06 0:37:40
Deal:632
Order:1546
Roistat:24631

------------------------

------------------------
2017.05.06 0:37:41
Deal:634
Order:1547
Roistat:24631

------------------------

------------------------
2017.05.06 23:33:09
Deal:636
Order:1548
Roistat:24775

------------------------

------------------------
2017.05.07 10:48:35
Deal:638
Order:1549
Roistat:24818

------------------------

------------------------
2017.05.08 2:38:06
Deal:640
Order:1550
Roistat:24981

------------------------

------------------------
2017.05.08 2:38:06
Deal:642
Order:1551
Roistat:24981

------------------------

------------------------
2017.05.08 13:35:19
Deal:644
Order:1552
Roistat:25059

------------------------

------------------------
2017.05.10 11:13:40
Deal:646
Order:1553
Roistat:25384

------------------------

------------------------
2017.05.12 12:08:01
Deal:648
Order:1554
Roistat:26043

------------------------

------------------------
2017.05.12 20:39:01
Deal:650
Order:1555
Roistat:26187

------------------------

------------------------
2017.05.12 21:16:49
Deal:652
Order:1556
Roistat:25920

------------------------

------------------------
2017.05.15 15:51:26
Deal:654
Order:1557
Roistat:26835

------------------------

------------------------
2017.05.16 16:08:34
Deal:656
Order:1558
Roistat:27069

------------------------

------------------------
2017.05.17 7:57:35
Deal:658
Order:1559
Roistat:27266

------------------------

------------------------
2017.05.17 7:57:36
Deal:660
Order:1560
Roistat:27266

------------------------

------------------------
2017.05.17 18:01:26
Deal:662
Order:1561
Roistat:27462

------------------------

------------------------
2017.05.18 6:40:22
Deal:664
Order:1562
Roistat:27629

------------------------

------------------------
2017.05.19 8:22:13
Deal:666
Order:1563
Roistat:27927

------------------------

------------------------
2017.05.19 11:55:30
Deal:668
Order:1564
Roistat:27978

------------------------

------------------------
2017.05.22 10:51:34
Deal:670
Order:1565
Roistat:28497

------------------------

------------------------
2017.05.22 13:09:43
Deal:672
Order:1566
Roistat:28542

------------------------

------------------------
2017.05.23 15:56:08
Deal:674
Order:1567
Roistat:28977

------------------------

------------------------
2017.05.24 12:32:59
Deal:676
Order:1568
Roistat:29220

------------------------

------------------------
2017.05.27 23:07:02
Deal:678
Order:1569
Roistat:

------------------------

------------------------
2017.05.28 11:54:02
Deal:680
Order:1570
Roistat:29620

------------------------

------------------------
2017.05.28 23:17:06
Deal:682
Order:1571
Roistat:30293

------------------------

------------------------
2017.05.29 15:57:20
Deal:684
Order:1572
Roistat:30821

------------------------

------------------------
2017.05.29 16:45:50
Deal:686
Order:1573
Roistat:30688

------------------------

------------------------
2017.05.29 17:16:20
Deal:688
Order:1574
Roistat:30844

------------------------

------------------------
2017.05.30 13:22:52
Deal:690
Order:1575
Roistat:31080

------------------------

------------------------
2017.05.31 18:16:50
Deal:692
Order:1576
Roistat:29706

------------------------

------------------------
2017.06.02 14:57:42
Deal:694
Order:1577
Roistat:32196

------------------------

------------------------
2017.06.02 18:39:24
Deal:696
Order:1578
Roistat:32313

------------------------

------------------------
2017.06.03 17:15:04
Deal:698
Order:1579
Roistat:32527

------------------------

------------------------
2017.06.04 1:43:25
Deal:700
Order:1580
Roistat:32513

------------------------

------------------------
2017.06.05 14:50:39
Deal:702
Order:1581
Roistat:28593

------------------------

------------------------
2017.06.05 15:26:14
Deal:704
Order:1582
Roistat:32989

------------------------

------------------------
2017.06.05 17:52:34
Deal:706
Order:1583
Roistat:33085

------------------------

------------------------
2017.06.08 8:51:13
Deal:708
Order:1584
Roistat:33871

------------------------

------------------------
2017.06.08 13:08:08
Deal:710
Order:1585
Roistat:33985

------------------------

------------------------
2017.06.08 17:39:19
Deal:712
Order:1586
Roistat:33445

------------------------

------------------------
2017.06.09 17:47:13
Deal:714
Order:1587
Roistat:34328

------------------------

------------------------
2017.06.11 11:25:52
Deal:716
Order:1588
Roistat:34662

------------------------

------------------------
2017.06.13 9:24:51
Deal:718
Order:1589
Roistat:35010

------------------------

------------------------
2017.06.13 13:00:47
Deal:720
Order:1590
Roistat:35075

------------------------

------------------------
2017.06.14 16:49:58
Deal:724
Order:1592
Roistat:35422

------------------------

------------------------
2017.06.14 19:55:35
Deal:726
Order:1593
Roistat:35422

------------------------

------------------------
2017.06.14 19:55:36
Deal:728
Order:1594
Roistat:35458

------------------------

------------------------
2017.06.15 10:31:09
Deal:730
Order:1595
Roistat:35576

------------------------

------------------------
2017.06.15 14:17:05
Deal:732
Order:1596
Roistat:35619

------------------------

------------------------
2017.06.16 9:19:56
Deal:734
Order:1597
Roistat:35775

------------------------

------------------------
2017.06.16 11:18:38
Deal:736
Order:1598
Roistat:35854

------------------------

------------------------
2017.06.16 12:13:10
Deal:738
Order:1599
Roistat:35871

------------------------

------------------------
2017.06.16 12:38:44
Deal:740
Order:1600
Roistat:35880

------------------------

------------------------
2017.06.16 14:36:31
Deal:742
Order:1601
Roistat:35905

------------------------

------------------------
2017.06.16 16:58:07
Deal:744
Order:1602
Roistat:35935

------------------------

------------------------
2017.06.16 17:05:11
Deal:746
Order:1603
Roistat:33393

------------------------

------------------------
2017.06.16 17:46:31
Deal:748
Order:1604
Roistat:35947

------------------------

------------------------
2017.06.16 20:38:18
Deal:750
Order:1605
Roistat:35957

------------------------

------------------------
2017.06.17 9:17:04
Deal:752
Order:1606
Roistat:36007

------------------------

------------------------
2017.06.18 5:02:57
Deal:754
Order:1607
Roistat:36109

------------------------

------------------------
2017.06.18 15:16:35
Deal:756
Order:1608
Roistat:36233

------------------------

------------------------
2017.06.19 5:07:39
Deal:758
Order:1609
Roistat:36305

------------------------

------------------------
2017.06.19 9:41:59
Deal:760
Order:1610
Roistat:36135

------------------------

------------------------
2017.06.19 11:21:56
Deal:762
Order:1611
Roistat:36414

------------------------

------------------------
2017.06.20 15:55:09
Deal:764
Order:1612
Roistat:36821

------------------------

------------------------
2017.06.20 18:17:20
Deal:766
Order:1613
Roistat:36870

------------------------

------------------------
2017.06.21 6:52:37
Deal:768
Order:1614
Roistat:36920

------------------------

------------------------
2017.06.21 6:52:38
Deal:770
Order:1615
Roistat:36821

------------------------

------------------------
2017.06.21 10:22:41
Deal:772
Order:1616
Roistat:

------------------------

------------------------
2017.06.21 11:17:01
Deal:774
Order:1617
Roistat:37038

------------------------

------------------------
2017.06.22 7:59:49
Deal:776
Order:1618
Roistat:37365

------------------------

------------------------
2017.06.22 9:00:39
Deal:778
Order:1619
Roistat:37344

------------------------

------------------------
2017.06.22 9:30:44
Deal:780
Order:1620
Roistat:37401

------------------------

------------------------
2017.06.22 10:41:12
Deal:782
Order:1621
Roistat:37421

------------------------

------------------------
2017.06.23 14:21:19
Deal:784
Order:1622
Roistat:37565

------------------------

------------------------
2017.06.24 5:02:18
Deal:786
Order:1623
Roistat:37846

------------------------

------------------------
2017.06.24 12:00:23
Deal:788
Order:1624
Roistat:37906

------------------------

------------------------
2017.06.25 14:24:37
Deal:790
Order:1625
Roistat:38005

------------------------

------------------------
2017.06.25 16:42:39
Deal:792
Order:1626
Roistat:37971

------------------------

------------------------
2017.06.26 5:05:51
Deal:794
Order:1627
Roistat:38142

------------------------

------------------------
2017.06.26 8:40:05
Deal:796
Order:1628
Roistat:38178

------------------------

------------------------
2017.06.26 8:40:06
Deal:798
Order:1629
Roistat:38178

------------------------

------------------------
2017.06.26 11:21:00
Deal:800
Order:1630
Roistat:38147

------------------------

------------------------
2017.06.26 12:09:10
Deal:802
Order:1631
Roistat:38264

------------------------

------------------------
2017.06.26 13:15:45
Deal:804
Order:1632
Roistat:38005

------------------------

------------------------
2017.06.26 13:15:47
Deal:806
Order:1633
Roistat:38005

------------------------

------------------------
2017.06.26 13:15:49
Deal:808
Order:1634
Roistat:38005

------------------------

------------------------
2017.06.26 13:15:50
Deal:810
Order:1635
Roistat:38005

------------------------

------------------------
2017.06.26 17:24:11
Deal:812
Order:1636
Roistat:38372

------------------------

------------------------
2017.06.28 5:03:15
Deal:814
Order:1637
Roistat:38692

------------------------

------------------------
2017.06.28 8:57:17
Deal:816
Order:1638
Roistat:38754

------------------------

------------------------
2017.06.28 11:39:46
Deal:818
Order:1639
Roistat:38801

------------------------

------------------------
2017.06.29 11:25:58
Deal:820
Order:1640
Roistat:39006

------------------------

------------------------
2017.06.29 13:37:50
Deal:822
Order:1641
Roistat:39051

------------------------

------------------------
2017.07.01 8:30:26
Deal:824
Order:1642
Roistat:39376

------------------------

------------------------
2017.07.01 15:54:14
Deal:826
Order:1643
Roistat:39499

------------------------

------------------------
2017.07.03 12:27:06
Deal:828
Order:1644
Roistat:39902

------------------------

------------------------
2017.07.04 12:07:31
Deal:830
Order:1645
Roistat:40205

------------------------

------------------------
2017.07.04 12:30:33
Deal:832
Order:1646
Roistat:40205

------------------------

------------------------
2017.07.04 14:20:40
Deal:834
Order:1647
Roistat:40240

------------------------

------------------------
2017.07.04 16:07:33
Deal:836
Order:1648
Roistat:40271

------------------------

------------------------
2017.07.05 12:24:32
Deal:838
Order:1649
Roistat:40468

------------------------

------------------------
2017.07.05 13:10:33
Deal:840
Order:1650
Roistat:40483

------------------------

------------------------
2017.07.05 19:11:55
Deal:842
Order:1651
Roistat:38126

------------------------

------------------------
2017.07.05 22:16:02
Deal:844
Order:1652
Roistat:38713

------------------------

------------------------
2017.07.06 9:45:43
Deal:846
Order:1653
Roistat:40723

------------------------

------------------------
2017.07.07 10:52:09
Deal:848
Order:1654
Roistat:40988

------------------------

------------------------
2017.07.07 14:48:22
Deal:850
Order:1655
Roistat:38713

------------------------

------------------------
2017.07.07 18:32:26
Deal:852
Order:1656
Roistat:41128

------------------------

------------------------
2017.07.09 8:59:01
Deal:854
Order:1657
Roistat:41318

------------------------

------------------------
2017.07.10 12:40:15
Deal:856
Order:1658
Roistat:41584

------------------------

------------------------
2017.07.10 19:20:03
Deal:858
Order:1659
Roistat:41683

------------------------

------------------------
2017.07.11 8:30:51
Deal:860
Order:1660
Roistat:41705

------------------------

------------------------
2017.07.11 17:38:42
Deal:862
Order:1661
Roistat:41854

------------------------

------------------------
2017.07.14 13:17:05
Deal:864
Order:1662
Roistat:42439

------------------------

------------------------
2017.07.15 15:58:17
Deal:866
Order:1663
Roistat:42621

------------------------

------------------------
2017.07.18 5:03:05
Deal:868
Order:1664
Roistat:40822

------------------------

------------------------
2017.07.18 14:40:08
Deal:870
Order:1665
Roistat:43175

------------------------

------------------------
2017.07.20 3:09:01
Deal:872
Order:1666
Roistat:43447

------------------------

------------------------
2017.07.21 5:04:21
Deal:874
Order:1667
Roistat:43184

------------------------

------------------------
2017.07.22 3:22:35
Deal:876
Order:1668
Roistat:43781

------------------------

------------------------
2017.07.25 15:52:18
Deal:878
Order:1671
Roistat:44388

------------------------

------------------------
2017.07.26 9:19:13
Deal:880
Order:1672
Roistat:44588

------------------------

------------------------
2017.07.28 5:04:59
Deal:882
Order:1673
Roistat:44962

------------------------

------------------------
2017.07.31 9:59:30
Deal:884
Order:1674
Roistat:45454

------------------------

------------------------
2017.07.31 15:56:17
Deal:886
Order:1675
Roistat:45519

------------------------

------------------------
2017.08.01 11:45:21
Deal:888
Order:1676
Roistat:45686

------------------------

------------------------
2017.08.01 11:45:22
Deal:890
Order:1677
Roistat:45686

------------------------

------------------------
2017.08.02 8:04:19
Deal:892
Order:1678
Roistat:45797

------------------------

------------------------
2017.08.03 15:30:55
Deal:894
Order:1679
Roistat:46230

------------------------

------------------------
2017.08.04 16:40:41
Deal:896
Order:1680
Roistat:46478

------------------------

------------------------
2017.08.04 21:19:18
Deal:898
Order:1681
Roistat:46478

------------------------

------------------------
2017.08.04 21:19:19
Deal:900
Order:1682
Roistat:46478

------------------------

------------------------
2017.08.04 23:28:02
Deal:902
Order:1683
Roistat:46478

------------------------

------------------------
2017.08.04 23:28:03
Deal:904
Order:1684
Roistat:46562

------------------------

------------------------
2017.08.06 12:51:55
Deal:906
Order:1685
Roistat:46881

------------------------

------------------------
2017.08.06 17:18:06
Deal:908
Order:1686
Roistat:46914

------------------------

------------------------
2017.08.07 10:57:58
Deal:910
Order:1687
Roistat:48086

------------------------

------------------------
2017.08.08 11:40:51
Deal:912
Order:1688
Roistat:48333

------------------------

------------------------
2017.08.08 15:43:30
Deal:914
Order:1689
Roistat:48385

------------------------

------------------------
2017.08.09 9:21:31
Deal:916
Order:1690
Roistat:48567

------------------------

------------------------
2017.08.10 7:59:38
Deal:918
Order:1691
Roistat:48762

------------------------

------------------------
2017.08.10 7:59:39
Deal:920
Order:1692
Roistat:48240

------------------------

------------------------
2017.08.10 10:26:04
Deal:922
Order:1693
Roistat:48841

------------------------

------------------------
2017.08.13 22:52:46
Deal:924
Order:1694
Roistat:49680

------------------------

------------------------
2017.08.14 12:45:24
Deal:926
Order:1695
Roistat:49839

------------------------

------------------------
2017.08.14 13:19:57
Deal:928
Order:1696
Roistat:

------------------------

------------------------
2017.08.14 14:37:39
Deal:930
Order:1697
Roistat:49866

------------------------

------------------------
2017.08.14 20:19:19
Deal:932
Order:1698
Roistat:49802

------------------------

------------------------
2017.08.15 16:46:37
Deal:934
Order:1
Roistat:0

------------------------

------------------------
2017.08.15 16:46:39
Deal:936
Order:2
Roistat:0

------------------------

------------------------
2017.08.15 16:46:40
Deal:938
Order:3
Roistat:0

------------------------

------------------------
2017.08.15 16:46:41
Deal:940
Order:4
Roistat:0

------------------------

------------------------
2017.08.15 16:46:42
Deal:942
Order:5
Roistat:0

------------------------

------------------------
2017.08.15 16:46:44
Deal:944
Order:6
Roistat:0

------------------------

------------------------
2017.08.15 16:46:45
Deal:946
Order:7
Roistat:0

------------------------

------------------------
2017.08.15 16:46:46
Deal:948
Order:8
Roistat:0

------------------------

------------------------
2017.08.15 16:46:48
Deal:950
Order:9
Roistat:0

------------------------

------------------------
2017.08.17 0:40:01
Deal:952
Order:1699
Roistat:50226

------------------------

------------------------
2017.08.17 11:31:26
Deal:954
Order:1700
Roistat:50060

------------------------

------------------------
2017.08.17 15:50:58
Deal:956
Order:1701
Roistat:49921

------------------------

------------------------
2017.08.18 8:27:05
Deal:958
Order:1702
Roistat:51052

------------------------

------------------------
2017.08.18 14:27:50
Deal:960
Order:1703
Roistat:51155

------------------------

------------------------
2017.08.20 22:20:33
Deal:962
Order:
Roistat:0

------------------------

------------------------
2017.08.21 11:43:20
Deal:964
Order:
Roistat:0

------------------------

------------------------
2017.08.21 13:53:59
Deal:966
Order:
Roistat:0

------------------------

------------------------
2017.08.21 14:27:17
Deal:968
Order:
Roistat:0

------------------------

------------------------
2017.08.21 14:39:08
Deal:970
Order:
Roistat:0

------------------------

------------------------
2017.08.21 22:18:42
Deal:972
Order:
Roistat:0

------------------------

------------------------
2017.08.22 7:54:54
Deal:974
Order:
Roistat:0

------------------------

------------------------
2017.08.23 8:01:03
Deal:976
Order:
Roistat:0

------------------------

------------------------
2017.08.23 10:27:17
Deal:978
Order:
Roistat:0

------------------------

------------------------
2017.08.23 10:45:03
Deal:980
Order:
Roistat:0

------------------------

------------------------
2017.08.23 12:29:03
Deal:982
Order:
Roistat:0

------------------------

------------------------
2017.08.23 13:04:39
Deal:984
Order:
Roistat:0

------------------------

------------------------
2017.08.23 14:36:43
Deal:986
Order:
Roistat:0

------------------------

------------------------
2017.08.23 18:26:44
Deal:988
Order:
Roistat:0

------------------------

------------------------
2017.08.23 18:37:49
Deal:990
Order:
Roistat:0

------------------------

------------------------
2017.08.24 15:23:53
Deal:992
Order:
Roistat:0

------------------------

------------------------
2017.08.24 15:36:37
Deal:994
Order:
Roistat:0

------------------------

------------------------
2017.08.25 0:10:44
Deal:996
Order:
Roistat:0

------------------------

------------------------
2017.08.25 9:54:53
Deal:998
Order:
Roistat:0

------------------------

------------------------
2017.08.25 9:54:55
Deal:1000
Order:
Roistat:0

------------------------

------------------------
2017.08.25 11:04:41
Deal:1002
Order:
Roistat:0

------------------------

------------------------
2017.08.25 11:56:58
Deal:1004
Order:
Roistat:0

------------------------

------------------------
2017.08.28 8:27:20
Deal:1006
Order:
Roistat:0

------------------------

------------------------
2017.08.28 13:09:48
Deal:1008
Order:
Roistat:0

------------------------

------------------------
2017.08.28 14:39:44
Deal:1010
Order:
Roistat:0

------------------------

------------------------
2017.08.28 17:13:34
Deal:1012
Order:
Roistat:0

------------------------

------------------------
2017.08.30 13:34:45
Deal:1014
Order:
Roistat:0

------------------------

------------------------
2017.08.30 19:36:04
Deal:1016
Order:
Roistat:0

------------------------
